This is pdfTeX, Version 3.14159265-2.6-1.40.19 (TeX Live 2018) (preloaded format=pdflatex 2019.4.29)  23 MAY 2019 10:08
entering extended mode
 restricted \write18 enabled.
 file:line:error style messages enabled.
 %&-line parsing enabled.
**main.tex
(./main.tex
LaTeX2e <2018-04-01> patch level 2
Babel <3.18> and hyphenation patterns for 84 language(s) loaded.
(/usr/local/texlive/2018/texmf-dist/tex/latex/IEEEtran/IEEEtran.cls
Document Class: IEEEtran 2015/08/26 V1.8b by Michael Shell
-- See the "IEEEtran_HOWTO" manual for usage information.
-- http://www.michaelshell.org/tex/ieeetran/
\@IEEEtrantmpdimenA=\dimen102
\@IEEEtrantmpdimenB=\dimen103
\@IEEEtrantmpdimenC=\dimen104
\@IEEEtrantmpcountA=\count80
\@IEEEtrantmpcountB=\count81
\@IEEEtrantmpcountC=\count82
\@IEEEtrantmptoksA=\toks14
LaTeX Font Info:    Try loading font information for OT1+ptm on input line 503.

(/usr/local/texlive/2018/texmf-dist/tex/latex/psnfss/ot1ptm.fd
File: ot1ptm.fd 2001/06/04 font definitions for OT1/ptm.
)
-- Using 8.5in x 11in (letter) paper.
-- Using PDF output.
\@IEEEnormalsizeunitybaselineskip=\dimen105
-- This is a 10 point document.
\CLASSINFOnormalsizebaselineskip=\dimen106
\CLASSINFOnormalsizeunitybaselineskip=\dimen107
\IEEEnormaljot=\dimen108
LaTeX Font Info:    Font shape `OT1/ptm/bx/n' in size <5> not available
(Font)              Font shape `OT1/ptm/b/n' tried instead on input line 1090.
LaTeX Font Info:    Font shape `OT1/ptm/bx/it' in size <5> not available
(Font)              Font shape `OT1/ptm/b/it' tried instead on input line 1090.

LaTeX Font Info:    Font shape `OT1/ptm/bx/n' in size <7> not available
(Font)              Font shape `OT1/ptm/b/n' tried instead on input line 1090.
LaTeX Font Info:    Font shape `OT1/ptm/bx/it' in size <7> not available
(Font)              Font shape `OT1/ptm/b/it' tried instead on input line 1090.

LaTeX Font Info:    Font shape `OT1/ptm/bx/n' in size <8> not available
(Font)              Font shape `OT1/ptm/b/n' tried instead on input line 1090.
LaTeX Font Info:    Font shape `OT1/ptm/bx/it' in size <8> not available
(Font)              Font shape `OT1/ptm/b/it' tried instead on input line 1090.

LaTeX Font Info:    Font shape `OT1/ptm/bx/n' in size <9> not available
(Font)              Font shape `OT1/ptm/b/n' tried instead on input line 1090.
LaTeX Font Info:    Font shape `OT1/ptm/bx/it' in size <9> not available
(Font)              Font shape `OT1/ptm/b/it' tried instead on input line 1090.

LaTeX Font Info:    Font shape `OT1/ptm/bx/n' in size <10> not available
(Font)              Font shape `OT1/ptm/b/n' tried instead on input line 1090.
LaTeX Font Info:    Font shape `OT1/ptm/bx/it' in size <10> not available
(Font)              Font shape `OT1/ptm/b/it' tried instead on input line 1090.

LaTeX Font Info:    Font shape `OT1/ptm/bx/n' in size <11> not available
(Font)              Font shape `OT1/ptm/b/n' tried instead on input line 1090.
LaTeX Font Info:    Font shape `OT1/ptm/bx/it' in size <11> not available
(Font)              Font shape `OT1/ptm/b/it' tried instead on input line 1090.

LaTeX Font Info:    Font shape `OT1/ptm/bx/n' in size <12> not available
(Font)              Font shape `OT1/ptm/b/n' tried instead on input line 1090.
LaTeX Font Info:    Font shape `OT1/ptm/bx/it' in size <12> not available
(Font)              Font shape `OT1/ptm/b/it' tried instead on input line 1090.

LaTeX Font Info:    Font shape `OT1/ptm/bx/n' in size <17> not available
(Font)              Font shape `OT1/ptm/b/n' tried instead on input line 1090.
LaTeX Font Info:    Font shape `OT1/ptm/bx/it' in size <17> not available
(Font)              Font shape `OT1/ptm/b/it' tried instead on input line 1090.

LaTeX Font Info:    Font shape `OT1/ptm/bx/n' in size <20> not available
(Font)              Font shape `OT1/ptm/b/n' tried instead on input line 1090.
LaTeX Font Info:    Font shape `OT1/ptm/bx/it' in size <20> not available
(Font)              Font shape `OT1/ptm/b/it' tried instead on input line 1090.

LaTeX Font Info:    Font shape `OT1/ptm/bx/n' in size <24> not available
(Font)              Font shape `OT1/ptm/b/n' tried instead on input line 1090.
LaTeX Font Info:    Font shape `OT1/ptm/bx/it' in size <24> not available
(Font)              Font shape `OT1/ptm/b/it' tried instead on input line 1090.

\IEEEquantizedlength=\dimen109
\IEEEquantizedlengthdiff=\dimen110
\IEEEquantizedtextheightdiff=\dimen111
\IEEEilabelindentA=\dimen112
\IEEEilabelindentB=\dimen113
\IEEEilabelindent=\dimen114
\IEEEelabelindent=\dimen115
\IEEEdlabelindent=\dimen116
\IEEElabelindent=\dimen117
\IEEEiednormlabelsep=\dimen118
\IEEEiedmathlabelsep=\dimen119
\IEEEiedtopsep=\skip41
\c@section=\count83
\c@subsection=\count84
\c@subsubsection=\count85
\c@paragraph=\count86
\c@IEEEsubequation=\count87
\abovecaptionskip=\skip42
\belowcaptionskip=\skip43
\c@figure=\count88
\c@table=\count89
\@IEEEeqnnumcols=\count90
\@IEEEeqncolcnt=\count91
\@IEEEsubeqnnumrollback=\count92
\@IEEEquantizeheightA=\dimen120
\@IEEEquantizeheightB=\dimen121
\@IEEEquantizeheightC=\dimen122
\@IEEEquantizeprevdepth=\dimen123
\@IEEEquantizemultiple=\count93
\@IEEEquantizeboxA=\box26
\@IEEEtmpitemindent=\dimen124
\IEEEPARstartletwidth=\dimen125
\c@IEEEbiography=\count94
\@IEEEtranrubishbin=\box27
)
** ATTENTION: Overriding command lockouts (line 2).
(/usr/local/texlive/2018/texmf-dist/tex/latex/cite/cite.sty
LaTeX Info: Redefining \cite on input line 302.
LaTeX Info: Redefining \nocite on input line 332.
Package: cite 2015/02/27  v 5.5
)
(/usr/local/texlive/2018/texmf-dist/tex/latex/amsmath/amsmath.sty
Package: amsmath 2017/09/02 v2.17a AMS math features
\@mathmargin=\skip44

For additional information on amsmath, use the `?' option.
(/usr/local/texlive/2018/texmf-dist/tex/latex/amsmath/amstext.sty
Package: amstext 2000/06/29 v2.01 AMS text

(/usr/local/texlive/2018/texmf-dist/tex/latex/amsmath/amsgen.sty
File: amsgen.sty 1999/11/30 v2.0 generic functions
\@emptytoks=\toks15
\ex@=\dimen126
))
(/usr/local/texlive/2018/texmf-dist/tex/latex/amsmath/amsbsy.sty
Package: amsbsy 1999/11/29 v1.2d Bold Symbols
\pmbraise@=\dimen127
)
(/usr/local/texlive/2018/texmf-dist/tex/latex/amsmath/amsopn.sty
Package: amsopn 2016/03/08 v2.02 operator names
)
\inf@bad=\count95
LaTeX Info: Redefining \frac on input line 213.
\uproot@=\count96
\leftroot@=\count97
LaTeX Info: Redefining \overline on input line 375.
\classnum@=\count98
\DOTSCASE@=\count99
LaTeX Info: Redefining \ldots on input line 472.
LaTeX Info: Redefining \dots on input line 475.
LaTeX Info: Redefining \cdots on input line 596.
\Mathstrutbox@=\box28
\strutbox@=\box29
\big@size=\dimen128
LaTeX Font Info:    Redeclaring font encoding OML on input line 712.
LaTeX Font Info:    Redeclaring font encoding OMS on input line 713.
\macc@depth=\count100
\c@MaxMatrixCols=\count101
\dotsspace@=\muskip10
\c@parentequation=\count102
\dspbrk@lvl=\count103
\tag@help=\toks16
\row@=\count104
\column@=\count105
\maxfields@=\count106
\andhelp@=\toks17
\eqnshift@=\dimen129
\alignsep@=\dimen130
\tagshift@=\dimen131
\tagwidth@=\dimen132
\totwidth@=\dimen133
\lineht@=\dimen134
\@envbody=\toks18
\multlinegap=\skip45
\multlinetaggap=\skip46
\mathdisplay@stack=\toks19
LaTeX Info: Redefining \[ on input line 2817.
LaTeX Info: Redefining \] on input line 2818.
)
(/usr/local/texlive/2018/texmf-dist/tex/latex/amsfonts/amssymb.sty
Package: amssymb 2013/01/14 v3.01 AMS font symbols

(/usr/local/texlive/2018/texmf-dist/tex/latex/amsfonts/amsfonts.sty
Package: amsfonts 2013/01/14 v3.01 Basic AMSFonts support
\symAMSa=\mathgroup4
\symAMSb=\mathgroup5
LaTeX Font Info:    Overwriting math alphabet `\mathfrak' in version `bold'
(Font)                  U/euf/m/n --> U/euf/b/n on input line 106.
))
(/usr/local/texlive/2018/texmf-dist/tex/latex/algorithms/algorithmic.sty
Package: algorithmic 2009/08/24 v0.1 Document Style `algorithmic'

(/usr/local/texlive/2018/texmf-dist/tex/latex/base/ifthen.sty
Package: ifthen 2014/09/29 v1.1c Standard LaTeX ifthen package (DPC)
)
(/usr/local/texlive/2018/texmf-dist/tex/latex/graphics/keyval.sty
Package: keyval 2014/10/28 v1.15 key=value parser (DPC)
\KV@toks@=\toks20
)
\c@ALC@unique=\count107
\c@ALC@line=\count108
\c@ALC@rem=\count109
\c@ALC@depth=\count110
\ALC@tlm=\skip47
\algorithmicindent=\skip48
)
(/usr/local/texlive/2018/texmf-dist/tex/latex/graphics/graphicx.sty
Package: graphicx 2017/06/01 v1.1a Enhanced LaTeX Graphics (DPC,SPQR)

(/usr/local/texlive/2018/texmf-dist/tex/latex/graphics/graphics.sty
Package: graphics 2017/06/25 v1.2c Standard LaTeX Graphics (DPC,SPQR)

(/usr/local/texlive/2018/texmf-dist/tex/latex/graphics/trig.sty
Package: trig 2016/01/03 v1.10 sin cos tan (DPC)
)
(/usr/local/texlive/2018/texmf-dist/tex/latex/graphics-cfg/graphics.cfg
File: graphics.cfg 2016/06/04 v1.11 sample graphics configuration
)
Package graphics Info: Driver file: pdftex.def on input line 99.

(/usr/local/texlive/2018/texmf-dist/tex/latex/graphics-def/pdftex.def
File: pdftex.def 2018/01/08 v1.0l Graphics/color driver for pdftex
))
\Gin@req@height=\dimen135
\Gin@req@width=\dimen136
)
(/usr/local/texlive/2018/texmf-dist/tex/latex/base/textcomp.sty
Package: textcomp 2017/04/05 v2.0i Standard LaTeX package
Package textcomp Info: Sub-encoding information:
(textcomp)               5 = only ISO-Adobe without \textcurrency
(textcomp)               4 = 5 + \texteuro
(textcomp)               3 = 4 + \textohm
(textcomp)               2 = 3 + \textestimated + \textcurrency
(textcomp)               1 = TS1 - \textcircled - \t
(textcomp)               0 = TS1 (full)
(textcomp)             Font families with sub-encoding setting implement
(textcomp)             only a restricted character set as indicated.
(textcomp)             Family '?' is the default used for unknown fonts.
(textcomp)             See the documentation for details.
Package textcomp Info: Setting ? sub-encoding to TS1/1 on input line 79.

(/usr/local/texlive/2018/texmf-dist/tex/latex/base/ts1enc.def
File: ts1enc.def 2001/06/05 v3.0e (jk/car/fm) Standard LaTeX file
Now handling font encoding TS1 ...
... processing UTF-8 mapping file for font encoding TS1

(/usr/local/texlive/2018/texmf-dist/tex/latex/base/ts1enc.dfu
File: ts1enc.dfu 2018/04/05 v1.2c UTF-8 support for inputenc
   defining Unicode char U+00A2 (decimal 162)
   defining Unicode char U+00A3 (decimal 163)
   defining Unicode char U+00A4 (decimal 164)
   defining Unicode char U+00A5 (decimal 165)
   defining Unicode char U+00A6 (decimal 166)
   defining Unicode char U+00A7 (decimal 167)
   defining Unicode char U+00A8 (decimal 168)
   defining Unicode char U+00A9 (decimal 169)
   defining Unicode char U+00AA (decimal 170)
   defining Unicode char U+00AC (decimal 172)
   defining Unicode char U+00AE (decimal 174)
   defining Unicode char U+00AF (decimal 175)
   defining Unicode char U+00B0 (decimal 176)
   defining Unicode char U+00B1 (decimal 177)
   defining Unicode char U+00B2 (decimal 178)
   defining Unicode char U+00B3 (decimal 179)
   defining Unicode char U+00B4 (decimal 180)
   defining Unicode char U+00B5 (decimal 181)
   defining Unicode char U+00B6 (decimal 182)
   defining Unicode char U+00B7 (decimal 183)
   defining Unicode char U+00B9 (decimal 185)
   defining Unicode char U+00BA (decimal 186)
   defining Unicode char U+00BC (decimal 188)
   defining Unicode char U+00BD (decimal 189)
   defining Unicode char U+00BE (decimal 190)
   defining Unicode char U+00D7 (decimal 215)
   defining Unicode char U+00F7 (decimal 247)
   defining Unicode char U+0192 (decimal 402)
   defining Unicode char U+02C7 (decimal 711)
   defining Unicode char U+02D8 (decimal 728)
   defining Unicode char U+02DD (decimal 733)
   defining Unicode char U+0E3F (decimal 3647)
   defining Unicode char U+2016 (decimal 8214)
   defining Unicode char U+2020 (decimal 8224)
   defining Unicode char U+2021 (decimal 8225)
   defining Unicode char U+2022 (decimal 8226)
   defining Unicode char U+2030 (decimal 8240)
   defining Unicode char U+2031 (decimal 8241)
   defining Unicode char U+203B (decimal 8251)
   defining Unicode char U+203D (decimal 8253)
   defining Unicode char U+2044 (decimal 8260)
   defining Unicode char U+204E (decimal 8270)
   defining Unicode char U+2052 (decimal 8274)
   defining Unicode char U+20A1 (decimal 8353)
   defining Unicode char U+20A4 (decimal 8356)
   defining Unicode char U+20A6 (decimal 8358)
   defining Unicode char U+20A9 (decimal 8361)
   defining Unicode char U+20AB (decimal 8363)
   defining Unicode char U+20AC (decimal 8364)
   defining Unicode char U+20B1 (decimal 8369)
   defining Unicode char U+2103 (decimal 8451)
   defining Unicode char U+2116 (decimal 8470)
   defining Unicode char U+2117 (decimal 8471)
   defining Unicode char U+211E (decimal 8478)
   defining Unicode char U+2120 (decimal 8480)
   defining Unicode char U+2122 (decimal 8482)
   defining Unicode char U+2126 (decimal 8486)
   defining Unicode char U+2127 (decimal 8487)
   defining Unicode char U+212E (decimal 8494)
   defining Unicode char U+2190 (decimal 8592)
   defining Unicode char U+2191 (decimal 8593)
   defining Unicode char U+2192 (decimal 8594)
   defining Unicode char U+2193 (decimal 8595)
   defining Unicode char U+2329 (decimal 9001)
   defining Unicode char U+232A (decimal 9002)
   defining Unicode char U+2422 (decimal 9250)
   defining Unicode char U+25E6 (decimal 9702)
   defining Unicode char U+25EF (decimal 9711)
   defining Unicode char U+266A (decimal 9834)
   defining Unicode char U+FEFF (decimal 65279)
))
LaTeX Info: Redefining \oldstylenums on input line 334.
Package textcomp Info: Setting cmr sub-encoding to TS1/0 on input line 349.
Package textcomp Info: Setting cmss sub-encoding to TS1/0 on input line 350.
Package textcomp Info: Setting cmtt sub-encoding to TS1/0 on input line 351.
Package textcomp Info: Setting cmvtt sub-encoding to TS1/0 on input line 352.
Package textcomp Info: Setting cmbr sub-encoding to TS1/0 on input line 353.
Package textcomp Info: Setting cmtl sub-encoding to TS1/0 on input line 354.
Package textcomp Info: Setting ccr sub-encoding to TS1/0 on input line 355.
Package textcomp Info: Setting ptm sub-encoding to TS1/4 on input line 356.
Package textcomp Info: Setting pcr sub-encoding to TS1/4 on input line 357.
Package textcomp Info: Setting phv sub-encoding to TS1/4 on input line 358.
Package textcomp Info: Setting ppl sub-encoding to TS1/3 on input line 359.
Package textcomp Info: Setting pag sub-encoding to TS1/4 on input line 360.
Package textcomp Info: Setting pbk sub-encoding to TS1/4 on input line 361.
Package textcomp Info: Setting pnc sub-encoding to TS1/4 on input line 362.
Package textcomp Info: Setting pzc sub-encoding to TS1/4 on input line 363.
Package textcomp Info: Setting bch sub-encoding to TS1/4 on input line 364.
Package textcomp Info: Setting put sub-encoding to TS1/5 on input line 365.
Package textcomp Info: Setting uag sub-encoding to TS1/5 on input line 366.
Package textcomp Info: Setting ugq sub-encoding to TS1/5 on input line 367.
Package textcomp Info: Setting ul8 sub-encoding to TS1/4 on input line 368.
Package textcomp Info: Setting ul9 sub-encoding to TS1/4 on input line 369.
Package textcomp Info: Setting augie sub-encoding to TS1/5 on input line 370.
Package textcomp Info: Setting dayrom sub-encoding to TS1/3 on input line 371.
Package textcomp Info: Setting dayroms sub-encoding to TS1/3 on input line 372.

Package textcomp Info: Setting pxr sub-encoding to TS1/0 on input line 373.
Package textcomp Info: Setting pxss sub-encoding to TS1/0 on input line 374.
Package textcomp Info: Setting pxtt sub-encoding to TS1/0 on input line 375.
Package textcomp Info: Setting txr sub-encoding to TS1/0 on input line 376.
Package textcomp Info: Setting txss sub-encoding to TS1/0 on input line 377.
Package textcomp Info: Setting txtt sub-encoding to TS1/0 on input line 378.
Package textcomp Info: Setting lmr sub-encoding to TS1/0 on input line 379.
Package textcomp Info: Setting lmdh sub-encoding to TS1/0 on input line 380.
Package textcomp Info: Setting lmss sub-encoding to TS1/0 on input line 381.
Package textcomp Info: Setting lmssq sub-encoding to TS1/0 on input line 382.
Package textcomp Info: Setting lmvtt sub-encoding to TS1/0 on input line 383.
Package textcomp Info: Setting lmtt sub-encoding to TS1/0 on input line 384.
Package textcomp Info: Setting qhv sub-encoding to TS1/0 on input line 385.
Package textcomp Info: Setting qag sub-encoding to TS1/0 on input line 386.
Package textcomp Info: Setting qbk sub-encoding to TS1/0 on input line 387.
Package textcomp Info: Setting qcr sub-encoding to TS1/0 on input line 388.
Package textcomp Info: Setting qcs sub-encoding to TS1/0 on input line 389.
Package textcomp Info: Setting qpl sub-encoding to TS1/0 on input line 390.
Package textcomp Info: Setting qtm sub-encoding to TS1/0 on input line 391.
Package textcomp Info: Setting qzc sub-encoding to TS1/0 on input line 392.
Package textcomp Info: Setting qhvc sub-encoding to TS1/0 on input line 393.
Package textcomp Info: Setting futs sub-encoding to TS1/4 on input line 394.
Package textcomp Info: Setting futx sub-encoding to TS1/4 on input line 395.
Package textcomp Info: Setting futj sub-encoding to TS1/4 on input line 396.
Package textcomp Info: Setting hlh sub-encoding to TS1/3 on input line 397.
Package textcomp Info: Setting hls sub-encoding to TS1/3 on input line 398.
Package textcomp Info: Setting hlst sub-encoding to TS1/3 on input line 399.
Package textcomp Info: Setting hlct sub-encoding to TS1/5 on input line 400.
Package textcomp Info: Setting hlx sub-encoding to TS1/5 on input line 401.
Package textcomp Info: Setting hlce sub-encoding to TS1/5 on input line 402.
Package textcomp Info: Setting hlcn sub-encoding to TS1/5 on input line 403.
Package textcomp Info: Setting hlcw sub-encoding to TS1/5 on input line 404.
Package textcomp Info: Setting hlcf sub-encoding to TS1/5 on input line 405.
Package textcomp Info: Setting pplx sub-encoding to TS1/3 on input line 406.
Package textcomp Info: Setting pplj sub-encoding to TS1/3 on input line 407.
Package textcomp Info: Setting ptmx sub-encoding to TS1/4 on input line 408.
Package textcomp Info: Setting ptmj sub-encoding to TS1/4 on input line 409.
)
(/usr/local/texlive/2018/texmf-dist/tex/latex/xcolor/xcolor.sty
Package: xcolor 2016/05/11 v2.12 LaTeX color extensions (UK)

(/usr/local/texlive/2018/texmf-dist/tex/latex/graphics-cfg/color.cfg
File: color.cfg 2016/01/02 v1.6 sample color configuration
)
Package xcolor Info: Driver file: pdftex.def on input line 225.
Package xcolor Info: Model `cmy' substituted by `cmy0' on input line 1348.
Package xcolor Info: Model `hsb' substituted by `rgb' on input line 1352.
Package xcolor Info: Model `RGB' extended on input line 1364.
Package xcolor Info: Model `HTML' substituted by `rgb' on input line 1366.
Package xcolor Info: Model `Hsb' substituted by `hsb' on input line 1367.
Package xcolor Info: Model `tHsb' substituted by `hsb' on input line 1368.
Package xcolor Info: Model `HSB' substituted by `hsb' on input line 1369.
Package xcolor Info: Model `Gray' substituted by `gray' on input line 1370.
Package xcolor Info: Model `wave' substituted by `hsb' on input line 1371.
)
(/usr/local/texlive/2018/texmf-dist/tex/latex/base/inputenc.sty
Package: inputenc 2018/04/06 v1.3b Input encoding file
\inpenc@prehook=\toks21
\inpenc@posthook=\toks22

(/usr/local/texlive/2018/texmf-dist/tex/latex/base/latin1.def
File: latin1.def 2018/04/06 v1.3b Input encoding file
))
(/usr/local/texlive/2018/texmf-dist/tex/latex/pgf/frontendlayer/tikz.sty
(/usr/local/texlive/2018/texmf-dist/tex/latex/pgf/basiclayer/pgf.sty
(/usr/local/texlive/2018/texmf-dist/tex/latex/pgf/utilities/pgfrcs.sty
(/usr/local/texlive/2018/texmf-dist/tex/generic/pgf/utilities/pgfutil-common.te
x
\pgfutil@everybye=\toks23
\pgfutil@tempdima=\dimen137
\pgfutil@tempdimb=\dimen138

(/usr/local/texlive/2018/texmf-dist/tex/generic/pgf/utilities/pgfutil-common-li
sts.tex))
(/usr/local/texlive/2018/texmf-dist/tex/generic/pgf/utilities/pgfutil-latex.def
\pgfutil@abb=\box30
(/usr/local/texlive/2018/texmf-dist/tex/latex/ms/everyshi.sty
Package: everyshi 2001/05/15 v3.00 EveryShipout Package (MS)
))
(/usr/local/texlive/2018/texmf-dist/tex/generic/pgf/utilities/pgfrcs.code.tex
Package: pgfrcs 2015/08/07 v3.0.1a (rcs-revision 1.31)
))
Package: pgf 2015/08/07 v3.0.1a (rcs-revision 1.15)
(/usr/local/texlive/2018/texmf-dist/tex/latex/pgf/basiclayer/pgfcore.sty
(/usr/local/texlive/2018/texmf-dist/tex/latex/pgf/systemlayer/pgfsys.sty
(/usr/local/texlive/2018/texmf-dist/tex/generic/pgf/systemlayer/pgfsys.code.tex
Package: pgfsys 2014/07/09 v3.0.1a (rcs-revision 1.48)
(/usr/local/texlive/2018/texmf-dist/tex/generic/pgf/utilities/pgfkeys.code.tex
\pgfkeys@pathtoks=\toks24
\pgfkeys@temptoks=\toks25

(/usr/local/texlive/2018/texmf-dist/tex/generic/pgf/utilities/pgfkeysfiltered.c
ode.tex
\pgfkeys@tmptoks=\toks26
))
\pgf@x=\dimen139
\pgf@y=\dimen140
\pgf@xa=\dimen141
\pgf@ya=\dimen142
\pgf@xb=\dimen143
\pgf@yb=\dimen144
\pgf@xc=\dimen145
\pgf@yc=\dimen146
\w@pgf@writea=\write3
\r@pgf@reada=\read1
\c@pgf@counta=\count111
\c@pgf@countb=\count112
\c@pgf@countc=\count113
\c@pgf@countd=\count114
\t@pgf@toka=\toks27
\t@pgf@tokb=\toks28
\t@pgf@tokc=\toks29

(/usr/local/texlive/2018/texmf-dist/tex/generic/pgf/systemlayer/pgf.cfg
File: pgf.cfg 2008/05/14  (rcs-revision 1.7)
)
Driver file for pgf: pgfsys-pdftex.def

(/usr/local/texlive/2018/texmf-dist/tex/generic/pgf/systemlayer/pgfsys-pdftex.d
ef
File: pgfsys-pdftex.def 2014/10/11  (rcs-revision 1.35)

(/usr/local/texlive/2018/texmf-dist/tex/generic/pgf/systemlayer/pgfsys-common-p
df.def
File: pgfsys-common-pdf.def 2013/10/10  (rcs-revision 1.13)
)))
(/usr/local/texlive/2018/texmf-dist/tex/generic/pgf/systemlayer/pgfsyssoftpath.
code.tex
File: pgfsyssoftpath.code.tex 2013/09/09  (rcs-revision 1.9)
\pgfsyssoftpath@smallbuffer@items=\count115
\pgfsyssoftpath@bigbuffer@items=\count116
)
(/usr/local/texlive/2018/texmf-dist/tex/generic/pgf/systemlayer/pgfsysprotocol.
code.tex
File: pgfsysprotocol.code.tex 2006/10/16  (rcs-revision 1.4)
))
(/usr/local/texlive/2018/texmf-dist/tex/generic/pgf/basiclayer/pgfcore.code.tex
Package: pgfcore 2010/04/11 v3.0.1a (rcs-revision 1.7)
(/usr/local/texlive/2018/texmf-dist/tex/generic/pgf/math/pgfmath.code.tex
(/usr/local/texlive/2018/texmf-dist/tex/generic/pgf/math/pgfmathcalc.code.tex
(/usr/local/texlive/2018/texmf-dist/tex/generic/pgf/math/pgfmathutil.code.tex)
(/usr/local/texlive/2018/texmf-dist/tex/generic/pgf/math/pgfmathparser.code.tex
\pgfmath@dimen=\dimen147
\pgfmath@count=\count117
\pgfmath@box=\box31
\pgfmath@toks=\toks30
\pgfmath@stack@operand=\toks31
\pgfmath@stack@operation=\toks32
)
(/usr/local/texlive/2018/texmf-dist/tex/generic/pgf/math/pgfmathfunctions.code.
tex
(/usr/local/texlive/2018/texmf-dist/tex/generic/pgf/math/pgfmathfunctions.basic
.code.tex)
(/usr/local/texlive/2018/texmf-dist/tex/generic/pgf/math/pgfmathfunctions.trigo
nometric.code.tex)
(/usr/local/texlive/2018/texmf-dist/tex/generic/pgf/math/pgfmathfunctions.rando
m.code.tex)
(/usr/local/texlive/2018/texmf-dist/tex/generic/pgf/math/pgfmathfunctions.compa
rison.code.tex)
(/usr/local/texlive/2018/texmf-dist/tex/generic/pgf/math/pgfmathfunctions.base.
code.tex)
(/usr/local/texlive/2018/texmf-dist/tex/generic/pgf/math/pgfmathfunctions.round
.code.tex)
(/usr/local/texlive/2018/texmf-dist/tex/generic/pgf/math/pgfmathfunctions.misc.
code.tex)
(/usr/local/texlive/2018/texmf-dist/tex/generic/pgf/math/pgfmathfunctions.integ
erarithmetics.code.tex)))
(/usr/local/texlive/2018/texmf-dist/tex/generic/pgf/math/pgfmathfloat.code.tex
\c@pgfmathroundto@lastzeros=\count118
))
(/usr/local/texlive/2018/texmf-dist/tex/generic/pgf/basiclayer/pgfcorepoints.co
de.tex
File: pgfcorepoints.code.tex 2013/10/07  (rcs-revision 1.27)
\pgf@picminx=\dimen148
\pgf@picmaxx=\dimen149
\pgf@picminy=\dimen150
\pgf@picmaxy=\dimen151
\pgf@pathminx=\dimen152
\pgf@pathmaxx=\dimen153
\pgf@pathminy=\dimen154
\pgf@pathmaxy=\dimen155
\pgf@xx=\dimen156
\pgf@xy=\dimen157
\pgf@yx=\dimen158
\pgf@yy=\dimen159
\pgf@zx=\dimen160
\pgf@zy=\dimen161
)
(/usr/local/texlive/2018/texmf-dist/tex/generic/pgf/basiclayer/pgfcorepathconst
ruct.code.tex
File: pgfcorepathconstruct.code.tex 2013/10/07  (rcs-revision 1.29)
\pgf@path@lastx=\dimen162
\pgf@path@lasty=\dimen163
)
(/usr/local/texlive/2018/texmf-dist/tex/generic/pgf/basiclayer/pgfcorepathusage
.code.tex
File: pgfcorepathusage.code.tex 2014/11/02  (rcs-revision 1.24)
\pgf@shorten@end@additional=\dimen164
\pgf@shorten@start@additional=\dimen165
)
(/usr/local/texlive/2018/texmf-dist/tex/generic/pgf/basiclayer/pgfcorescopes.co
de.tex
File: pgfcorescopes.code.tex 2015/05/08  (rcs-revision 1.46)
\pgfpic=\box32
\pgf@hbox=\box33
\pgf@layerbox@main=\box34
\pgf@picture@serial@count=\count119
)
(/usr/local/texlive/2018/texmf-dist/tex/generic/pgf/basiclayer/pgfcoregraphicst
ate.code.tex
File: pgfcoregraphicstate.code.tex 2014/11/02  (rcs-revision 1.12)
\pgflinewidth=\dimen166
)
(/usr/local/texlive/2018/texmf-dist/tex/generic/pgf/basiclayer/pgfcoretransform
ations.code.tex
File: pgfcoretransformations.code.tex 2015/08/07  (rcs-revision 1.20)
\pgf@pt@x=\dimen167
\pgf@pt@y=\dimen168
\pgf@pt@temp=\dimen169
)
(/usr/local/texlive/2018/texmf-dist/tex/generic/pgf/basiclayer/pgfcorequick.cod
e.tex
File: pgfcorequick.code.tex 2008/10/09  (rcs-revision 1.3)
)
(/usr/local/texlive/2018/texmf-dist/tex/generic/pgf/basiclayer/pgfcoreobjects.c
ode.tex
File: pgfcoreobjects.code.tex 2006/10/11  (rcs-revision 1.2)
)
(/usr/local/texlive/2018/texmf-dist/tex/generic/pgf/basiclayer/pgfcorepathproce
ssing.code.tex
File: pgfcorepathprocessing.code.tex 2013/09/09  (rcs-revision 1.9)
)
(/usr/local/texlive/2018/texmf-dist/tex/generic/pgf/basiclayer/pgfcorearrows.co
de.tex
File: pgfcorearrows.code.tex 2015/05/14  (rcs-revision 1.43)
\pgfarrowsep=\dimen170
)
(/usr/local/texlive/2018/texmf-dist/tex/generic/pgf/basiclayer/pgfcoreshade.cod
e.tex
File: pgfcoreshade.code.tex 2013/07/15  (rcs-revision 1.15)
\pgf@max=\dimen171
\pgf@sys@shading@range@num=\count120
)
(/usr/local/texlive/2018/texmf-dist/tex/generic/pgf/basiclayer/pgfcoreimage.cod
e.tex
File: pgfcoreimage.code.tex 2013/07/15  (rcs-revision 1.18)

(/usr/local/texlive/2018/texmf-dist/tex/generic/pgf/basiclayer/pgfcoreexternal.
code.tex
File: pgfcoreexternal.code.tex 2014/07/09  (rcs-revision 1.21)
\pgfexternal@startupbox=\box35
))
(/usr/local/texlive/2018/texmf-dist/tex/generic/pgf/basiclayer/pgfcorelayers.co
de.tex
File: pgfcorelayers.code.tex 2013/07/18  (rcs-revision 1.7)
)
(/usr/local/texlive/2018/texmf-dist/tex/generic/pgf/basiclayer/pgfcoretranspare
ncy.code.tex
File: pgfcoretransparency.code.tex 2013/09/30  (rcs-revision 1.5)
)
(/usr/local/texlive/2018/texmf-dist/tex/generic/pgf/basiclayer/pgfcorepatterns.
code.tex
File: pgfcorepatterns.code.tex 2013/11/07  (rcs-revision 1.5)
)))
(/usr/local/texlive/2018/texmf-dist/tex/generic/pgf/modules/pgfmoduleshapes.cod
e.tex
File: pgfmoduleshapes.code.tex 2014/03/21  (rcs-revision 1.35)
\pgfnodeparttextbox=\box36
)
(/usr/local/texlive/2018/texmf-dist/tex/generic/pgf/modules/pgfmoduleplot.code.
tex
File: pgfmoduleplot.code.tex 2015/08/03  (rcs-revision 1.13)
)
(/usr/local/texlive/2018/texmf-dist/tex/latex/pgf/compatibility/pgfcomp-version
-0-65.sty
Package: pgfcomp-version-0-65 2007/07/03 v3.0.1a (rcs-revision 1.7)
\pgf@nodesepstart=\dimen172
\pgf@nodesepend=\dimen173
)
(/usr/local/texlive/2018/texmf-dist/tex/latex/pgf/compatibility/pgfcomp-version
-1-18.sty
Package: pgfcomp-version-1-18 2007/07/23 v3.0.1a (rcs-revision 1.1)
))
(/usr/local/texlive/2018/texmf-dist/tex/latex/pgf/utilities/pgffor.sty
(/usr/local/texlive/2018/texmf-dist/tex/latex/pgf/utilities/pgfkeys.sty
(/usr/local/texlive/2018/texmf-dist/tex/generic/pgf/utilities/pgfkeys.code.tex)
) (/usr/local/texlive/2018/texmf-dist/tex/latex/pgf/math/pgfmath.sty
(/usr/local/texlive/2018/texmf-dist/tex/generic/pgf/math/pgfmath.code.tex))
(/usr/local/texlive/2018/texmf-dist/tex/generic/pgf/utilities/pgffor.code.tex
Package: pgffor 2013/12/13 v3.0.1a (rcs-revision 1.25)

(/usr/local/texlive/2018/texmf-dist/tex/generic/pgf/math/pgfmath.code.tex)
\pgffor@iter=\dimen174
\pgffor@skip=\dimen175
\pgffor@stack=\toks33
\pgffor@toks=\toks34
))
(/usr/local/texlive/2018/texmf-dist/tex/generic/pgf/frontendlayer/tikz/tikz.cod
e.tex
Package: tikz 2015/08/07 v3.0.1a (rcs-revision 1.151)

(/usr/local/texlive/2018/texmf-dist/tex/generic/pgf/libraries/pgflibraryplothan
dlers.code.tex
File: pgflibraryplothandlers.code.tex 2013/08/31 v3.0.1a (rcs-revision 1.20)
\pgf@plot@mark@count=\count121
\pgfplotmarksize=\dimen176
)
\tikz@lastx=\dimen177
\tikz@lasty=\dimen178
\tikz@lastxsaved=\dimen179
\tikz@lastysaved=\dimen180
\tikzleveldistance=\dimen181
\tikzsiblingdistance=\dimen182
\tikz@figbox=\box37
\tikz@figbox@bg=\box38
\tikz@tempbox=\box39
\tikz@tempbox@bg=\box40
\tikztreelevel=\count122
\tikznumberofchildren=\count123
\tikznumberofcurrentchild=\count124
\tikz@fig@count=\count125

(/usr/local/texlive/2018/texmf-dist/tex/generic/pgf/modules/pgfmodulematrix.cod
e.tex
File: pgfmodulematrix.code.tex 2013/09/17  (rcs-revision 1.8)
\pgfmatrixcurrentrow=\count126
\pgfmatrixcurrentcolumn=\count127
\pgf@matrix@numberofcolumns=\count128
)
\tikz@expandcount=\count129

(/usr/local/texlive/2018/texmf-dist/tex/generic/pgf/frontendlayer/tikz/librarie
s/tikzlibrarytopaths.code.tex
File: tikzlibrarytopaths.code.tex 2008/06/17 v3.0.1a (rcs-revision 1.2)
)))
(/usr/local/texlive/2018/texmf-dist/tex/latex/caption/subcaption.sty
Package: subcaption 2016/05/22 v1.1-161 Sub-captions (AR)

(/usr/local/texlive/2018/texmf-dist/tex/latex/caption/caption.sty
Package: caption 2016/02/21 v3.3-144 Customizing captions (AR)

(/usr/local/texlive/2018/texmf-dist/tex/latex/caption/caption3.sty
Package: caption3 2016/05/22 v1.7-166 caption3 kernel (AR)
Package caption3 Info: TeX engine: e-TeX on input line 67.
\captionmargin=\dimen183
\captionmargin@=\dimen184
\captionwidth=\dimen185
\caption@tempdima=\dimen186
\caption@indent=\dimen187
\caption@parindent=\dimen188
\caption@hangindent=\dimen189
Package caption Info: Unknown document class (or package),
(caption)             standard defaults will be used.
)

Package caption Warning: Unsupported document class (or package) detected,
(caption)                usage of the caption package is not recommended.
See the caption package documentation for explanation.

Package caption Info: \@makecaption = \long macro:#1#2->\ifx \@captype \@IEEEta
blestring \footnotesize \bgroup \par \centering \@IEEEtabletopskipstrut {\norma
lfont \footnotesize #1}\\{\normalfont \footnotesize \scshape #2}\par \addvspace
 {0.5\baselineskip }\egroup \@IEEEtablecaptionsepspace \else \@IEEEfigurecaptio
nsepspace \setbox \@tempboxa \hbox {\normalfont \footnotesize {#1.}\nobreakspac
e \nobreakspace #2}\ifdim \wd \@tempboxa >\hsize \setbox \@tempboxa \hbox {\nor
malfont \footnotesize {#1.}\nobreakspace \nobreakspace }\parbox [t]{\hsize }{\n
ormalfont \footnotesize \noindent \unhbox \@tempboxa #2}\else \ifCLASSOPTIONcon
ference \hbox to\hsize {\normalfont \footnotesize \hfil \box \@tempboxa \hfil }
\else \hbox to\hsize {\normalfont \footnotesize \box \@tempboxa \hfil }\fi \fi 
\fi .
\c@ContinuedFloat=\count130
)
\c@subfigure=\count131
\c@subtable=\count132
) (/usr/local/texlive/2018/texmf-dist/tex/latex/tools/tabularx.sty
Package: tabularx 2016/02/03 v2.11b `tabularx' package (DPC)

(/usr/local/texlive/2018/texmf-dist/tex/latex/tools/array.sty
Package: array 2018/04/07 v2.4g Tabular extension package (FMi)
\col@sep=\dimen190
\ar@mcellbox=\box41
\extrarowheight=\dimen191
\NC@list=\toks35
\extratabsurround=\skip49
\backup@length=\skip50
\ar@cellbox=\box42
)
\TX@col@width=\dimen192
\TX@old@table=\dimen193
\TX@old@col=\dimen194
\TX@target=\dimen195
\TX@delta=\dimen196
\TX@cols=\count133
\TX@ftn=\toks36
)
(/usr/local/texlive/2018/texmf-dist/tex/latex/url/url.sty
\Urlmuskip=\muskip11
Package: url 2013/09/16  ver 3.4  Verb mode for urls, etc.
)
(/usr/local/texlive/2018/texmf-dist/tex/latex/units/nicefrac.sty
Package: nicefrac 1998/08/04 v0.9b Nice fractions
\L@UnitsRaiseDisplaystyle=\skip51
\L@UnitsRaiseTextstyle=\skip52
\L@UnitsRaiseScriptstyle=\skip53
)
(/usr/local/texlive/2018/texmf-dist/tex/generic/pgf/frontendlayer/tikz/librarie
s/tikzlibrarypositioning.code.tex
File: tikzlibrarypositioning.code.tex 2008/10/06 v3.0.1a (rcs-revision 1.7)
)
(/usr/local/texlive/2018/texmf-dist/tex/generic/pgf/frontendlayer/tikz/librarie
s/tikzlibraryshapes.code.tex
File: tikzlibraryshapes.code.tex 2008/01/09 v3.0.1a (rcs-revision 1.1)

(/usr/local/texlive/2018/texmf-dist/tex/generic/pgf/frontendlayer/tikz/librarie
s/tikzlibraryshapes.geometric.code.tex
File: tikzlibraryshapes.geometric.code.tex 2008/01/09 v3.0.1a (rcs-revision 1.1
)

(/usr/local/texlive/2018/texmf-dist/tex/generic/pgf/libraries/shapes/pgflibrary
shapes.geometric.code.tex
File: pgflibraryshapes.geometric.code.tex 2008/06/26 v3.0.1a (rcs-revision 1.1)

))
(/usr/local/texlive/2018/texmf-dist/tex/generic/pgf/frontendlayer/tikz/librarie
s/tikzlibraryshapes.misc.code.tex
File: tikzlibraryshapes.misc.code.tex 2008/01/09 v3.0.1a (rcs-revision 1.1)

(/usr/local/texlive/2018/texmf-dist/tex/generic/pgf/libraries/shapes/pgflibrary
shapes.misc.code.tex
File: pgflibraryshapes.misc.code.tex 2013/07/18 v3.0.1a (rcs-revision 1.5)
))
(/usr/local/texlive/2018/texmf-dist/tex/generic/pgf/frontendlayer/tikz/librarie
s/tikzlibraryshapes.symbols.code.tex
File: tikzlibraryshapes.symbols.code.tex 2008/01/09 v3.0.1a (rcs-revision 1.1)

(/usr/local/texlive/2018/texmf-dist/tex/generic/pgf/libraries/shapes/pgflibrary
shapes.symbols.code.tex
File: pgflibraryshapes.symbols.code.tex 2013/09/11 v3.0.1a (rcs-revision 1.6)
))
(/usr/local/texlive/2018/texmf-dist/tex/generic/pgf/frontendlayer/tikz/librarie
s/tikzlibraryshapes.arrows.code.tex
File: tikzlibraryshapes.arrows.code.tex 2008/01/09 v3.0.1a (rcs-revision 1.1)

(/usr/local/texlive/2018/texmf-dist/tex/generic/pgf/libraries/shapes/pgflibrary
shapes.arrows.code.tex
File: pgflibraryshapes.arrows.code.tex 2008/06/26 v3.0.1a (rcs-revision 1.1)
))
(/usr/local/texlive/2018/texmf-dist/tex/generic/pgf/frontendlayer/tikz/librarie
s/tikzlibraryshapes.callouts.code.tex
(/usr/local/texlive/2018/texmf-dist/tex/generic/pgf/libraries/shapes/pgflibrary
shapes.callouts.code.tex))
(/usr/local/texlive/2018/texmf-dist/tex/generic/pgf/frontendlayer/tikz/librarie
s/tikzlibraryshapes.multipart.code.tex
File: tikzlibraryshapes.multipart.code.tex 2008/01/09 v3.0.1a (rcs-revision 1.1
)

(/usr/local/texlive/2018/texmf-dist/tex/generic/pgf/libraries/shapes/pgflibrary
shapes.multipart.code.tex
File: pgflibraryshapes.multipart.code.tex 2010/01/07 v3.0.1a (rcs-revision 1.2)

\pgfnodepartlowerbox=\box43
\pgfnodeparttwobox=\box44
\pgfnodepartthreebox=\box45
\pgfnodepartfourbox=\box46
\pgfnodeparttwentybox=\box47
\pgfnodepartnineteenbox=\box48
\pgfnodeparteighteenbox=\box49
\pgfnodepartseventeenbox=\box50
\pgfnodepartsixteenbox=\box51
\pgfnodepartfifteenbox=\box52
\pgfnodepartfourteenbox=\box53
\pgfnodepartthirteenbox=\box54
\pgfnodeparttwelvebox=\box55
\pgfnodepartelevenbox=\box56
\pgfnodeparttenbox=\box57
\pgfnodepartninebox=\box58
\pgfnodeparteightbox=\box59
\pgfnodepartsevenbox=\box60
\pgfnodepartsixbox=\box61
\pgfnodepartfivebox=\box62
)))
(/usr/local/texlive/2018/texmf-dist/tex/generic/pgf/frontendlayer/tikz/librarie
s/tikzlibraryarrows.code.tex
File: tikzlibraryarrows.code.tex 2008/01/09 v3.0.1a (rcs-revision 1.1)

(/usr/local/texlive/2018/texmf-dist/tex/generic/pgf/libraries/pgflibraryarrows.
code.tex
File: pgflibraryarrows.code.tex 2013/09/23 v3.0.1a (rcs-revision 1.16)
\arrowsize=\dimen197
))
(/Users/markroza/Documents/GitHub/papers_latex/AAnchor_BioInformatics_git/.texp
adtmp/main.aux

LaTeX Warning: Label `f:DS_22_RR' multiply defined.


LaTeX Warning: Label `sub@f:DS_22_RR' multiply defined.


LaTeX Warning: Label `f:DS_norm_22_RR' multiply defined.


LaTeX Warning: Label `sub@f:DS_norm_22_RR' multiply defined.

)
\openout1 = `main.aux'.

LaTeX Font Info:    Checking defaults for OML/cmm/m/it on input line 35.
LaTeX Font Info:    ... okay on input line 35.
LaTeX Font Info:    Checking defaults for T1/cmr/m/n on input line 35.
LaTeX Font Info:    ... okay on input line 35.
LaTeX Font Info:    Checking defaults for OT1/cmr/m/n on input line 35.
LaTeX Font Info:    ... okay on input line 35.
LaTeX Font Info:    Checking defaults for OMS/cmsy/m/n on input line 35.
LaTeX Font Info:    ... okay on input line 35.
LaTeX Font Info:    Checking defaults for OMX/cmex/m/n on input line 35.
LaTeX Font Info:    ... okay on input line 35.
LaTeX Font Info:    Checking defaults for U/cmr/m/n on input line 35.
LaTeX Font Info:    ... okay on input line 35.
LaTeX Font Info:    Checking defaults for TS1/cmr/m/n on input line 35.
LaTeX Font Info:    Try loading font information for TS1+cmr on input line 35.
 (/usr/local/texlive/2018/texmf-dist/tex/latex/base/ts1cmr.fd
File: ts1cmr.fd 2014/09/29 v2.5h Standard LaTeX font definitions
)
LaTeX Font Info:    ... okay on input line 35.

-- Lines per column: 56 (exact).
(/usr/local/texlive/2018/texmf-dist/tex/context/base/mkii/supp-pdf.mkii
[Loading MPS to PDF converter (version 2006.09.02).]
\scratchcounter=\count134
\scratchdimen=\dimen198
\scratchbox=\box63
\nofMPsegments=\count135
\nofMParguments=\count136
\everyMPshowfont=\toks37
\MPscratchCnt=\count137
\MPscratchDim=\dimen199
\MPnumerator=\count138
\makeMPintoPDFobject=\count139
\everyMPtoPDFconversion=\toks38
) (/usr/local/texlive/2018/texmf-dist/tex/latex/oberdiek/epstopdf-base.sty
Package: epstopdf-base 2016/05/15 v2.6 Base part for package epstopdf

(/usr/local/texlive/2018/texmf-dist/tex/generic/oberdiek/infwarerr.sty
Package: infwarerr 2016/05/16 v1.4 Providing info/warning/error messages (HO)
)
(/usr/local/texlive/2018/texmf-dist/tex/latex/oberdiek/grfext.sty
Package: grfext 2016/05/16 v1.2 Manage graphics extensions (HO)

(/usr/local/texlive/2018/texmf-dist/tex/generic/oberdiek/kvdefinekeys.sty
Package: kvdefinekeys 2016/05/16 v1.4 Define keys (HO)

(/usr/local/texlive/2018/texmf-dist/tex/generic/oberdiek/ltxcmds.sty
Package: ltxcmds 2016/05/16 v1.23 LaTeX kernel commands for general use (HO)
)))
(/usr/local/texlive/2018/texmf-dist/tex/latex/oberdiek/kvoptions.sty
Package: kvoptions 2016/05/16 v3.12 Key value format for package options (HO)

(/usr/local/texlive/2018/texmf-dist/tex/generic/oberdiek/kvsetkeys.sty
Package: kvsetkeys 2016/05/16 v1.17 Key value parser (HO)

(/usr/local/texlive/2018/texmf-dist/tex/generic/oberdiek/etexcmds.sty
Package: etexcmds 2016/05/16 v1.6 Avoid name clashes with e-TeX commands (HO)

(/usr/local/texlive/2018/texmf-dist/tex/generic/oberdiek/ifluatex.sty
Package: ifluatex 2016/05/16 v1.4 Provides the ifluatex switch (HO)
Package ifluatex Info: LuaTeX not detected.
)
Package etexcmds Info: Could not find \expanded.
(etexcmds)             That can mean that you are not using pdfTeX 1.50 or
(etexcmds)             that some package has redefined \expanded.
(etexcmds)             In the latter case, load this package earlier.
)))
(/usr/local/texlive/2018/texmf-dist/tex/generic/oberdiek/pdftexcmds.sty
Package: pdftexcmds 2018/01/30 v0.27 Utility functions of pdfTeX for LuaTeX (HO
)

(/usr/local/texlive/2018/texmf-dist/tex/generic/oberdiek/ifpdf.sty
Package: ifpdf 2017/03/15 v3.2 Provides the ifpdf switch
)
Package pdftexcmds Info: LuaTeX not detected.
Package pdftexcmds Info: \pdf@primitive is available.
Package pdftexcmds Info: \pdf@ifprimitive is available.
Package pdftexcmds Info: \pdfdraftmode found.
)
Package epstopdf-base Info: Redefining graphics rule for `.eps' on input line 4
38.
Package grfext Info: Graphics extension search list:
(grfext)             [.pdf,.png,.jpg,.mps,.jpeg,.jbig2,.jb2,.PDF,.PNG,.JPG,.JPE
G,.JBIG2,.JB2,.eps]
(grfext)             \AppendGraphicsExtensions on input line 456.

(/usr/local/texlive/2018/texmf-dist/tex/latex/latexconfig/epstopdf-sys.cfg
File: epstopdf-sys.cfg 2010/07/13 v1.3 Configuration of (r)epstopdf for TeX Liv
e
))
ABD: EveryShipout initializing macros
Package caption Info: Begin \AtBeginDocument code.
Package caption Info: End \AtBeginDocument code.
 (./abstrct.tex
LaTeX Font Info:    Try loading font information for U+msa on input line 9.

(/usr/local/texlive/2018/texmf-dist/tex/latex/amsfonts/umsa.fd
File: umsa.fd 2013/01/14 v3.01 AMS symbols A
)
LaTeX Font Info:    Try loading font information for U+msb on input line 9.

(/usr/local/texlive/2018/texmf-dist/tex/latex/amsfonts/umsb.fd
File: umsb.fd 2013/01/14 v3.01 AMS symbols B
)

LaTeX Warning: Command \r invalid in math mode on input line 9.

) (./introduction.tex

LaTeX Warning: Command \r invalid in math mode on input line 1.


LaTeX Warning: Command \r invalid in math mode on input line 1.


LaTeX Warning: Command \r invalid in math mode on input line 3.


LaTeX Warning: Command \r invalid in math mode on input line 5.


LaTeX Warning: Command \r invalid in math mode on input line 8.


LaTeX Warning: Command \r invalid in math mode on input line 18.

[1{/usr/local/texlive/2018/texmf-var/fonts/map/pdftex/updmap/pdftex.map}


]

LaTeX Warning: Command \r invalid in math mode on input line 32.


LaTeX Warning: Command \r invalid in math mode on input line 34.


LaTeX Warning: Command \r invalid in math mode on input line 34.


LaTeX Warning: Command \r invalid in math mode on input line 34.

) (./methods.tex

LaTeX Warning: Command \r invalid in math mode on input line 30.

[2]

LaTeX Warning: Command \r invalid in math mode on input line 55.


LaTeX Warning: Command \r invalid in math mode on input line 74.


LaTeX Warning: Command \r invalid in math mode on input line 74.


LaTeX Warning: Command \r invalid in math mode on input line 74.


Underfull \hbox (badness 2277) in paragraph at lines 80--84
[]\OT1/ptm/m/n/10 The pre-dicted la-bel and con-fi-dence are cal-cu-late by
 []


Underfull \hbox (badness 2384) in paragraph at lines 80--84
\OT1/ptm/m/n/10 and is one of the fol-low-ing: one of $\OML/cmm/m/it/10 N[]\OT1
/cmr/m/n/10 (\OT1/cmr/bx/n/10 x\OT1/cmr/m/n/10 )$\OT1/ptm/m/n/10 , $\OML/cmm/m/
it/10 N[]\OT1/cmr/m/n/10 (\OT1/cmr/bx/n/10 x\OT1/cmr/m/n/10 )$\OT1/ptm/m/n/10 ,

 []


Overfull \hbox (6.65587pt too wide) in paragraph at lines 92--92
[]|\OT1/ptm/m/n/8 Layer| 
 []


Overfull \hbox (3.47835pt too wide) in paragraph at lines 89--109
 [] 
 []

(./pics/det_scheme.tex
Overfull \hbox (4.43158pt too wide) in paragraph at lines 13--13
 [][][][]\OT1/ptm/m/n/8 preprocessing 
 []


Overfull \hbox (3.5593pt too wide) in paragraph at lines 15--15
 [][][][]\OT1/ptm/m/n/8 Classification 
 []


Overfull \hbox (3.5593pt too wide) in paragraph at lines 16--16
 [][][][]\OT1/ptm/m/n/8 Classification 
 []


Overfull \hbox (3.5593pt too wide) in paragraph at lines 17--17
 [][][][]\OT1/ptm/m/n/8 Classification 
 []

)) (./results.tex [3]

LaTeX Warning: Command \r invalid in math mode on input line 28.

<pics/CM_22_SS.png, id=37, 462.528pt x 346.896pt>
File: pics/CM_22_SS.png Graphic file (type png)
<use pics/CM_22_SS.png>
Package pdftex.def Info: pics/CM_22_SS.png  used on input line 46.
(pdftex.def)             Requested size: 144.0175pt x 108.01303pt.

Overfull \hbox (30.61827pt too wide) in paragraph at lines 46--47
[][] 
 []

<pics/ss22_acc.png, id=39, 462.528pt x 346.896pt>
File: pics/ss22_acc.png Graphic file (type png)
<use pics/ss22_acc.png>
Package pdftex.def Info: pics/ss22_acc.png  used on input line 53.
(pdftex.def)             Requested size: 144.0175pt x 108.01303pt.

Overfull \hbox (30.61827pt too wide) in paragraph at lines 53--54
[][] 
 []


LaTeX Warning: Command \r invalid in math mode on input line 58.


LaTeX Warning: Command \r invalid in math mode on input line 58.

<pics/DS_22_SS.png, id=40, 462.528pt x 346.896pt>
File: pics/DS_22_SS.png Graphic file (type png)
<use pics/DS_22_SS.png>
Package pdftex.def Info: pics/DS_22_SS.png  used on input line 64.
(pdftex.def)             Requested size: 124.73984pt x 93.552pt.

Overfull \hbox (11.3406pt too wide) in paragraph at lines 64--65
[][] 
 []

<pics/DS_norm_22_SS.png, id=41, 462.528pt x 346.896pt>
File: pics/DS_norm_22_SS.png Graphic file (type png)
<use pics/DS_norm_22_SS.png>
Package pdftex.def Info: pics/DS_norm_22_SS.png  used on input line 71.
(pdftex.def)             Requested size: 124.73984pt x 93.552pt.

Overfull \hbox (11.3406pt too wide) in paragraph at lines 71--72
[][] 
 []


LaTeX Warning: Command \r invalid in math mode on input line 76.


LaTeX Warning: Command \r invalid in math mode on input line 76.


LaTeX Warning: Command \r invalid in math mode on input line 82.

<pics/CM_22_RR.png, id=42, 462.528pt x 346.896pt>
File: pics/CM_22_RR.png Graphic file (type png)
<use pics/CM_22_RR.png>
Package pdftex.def Info: pics/CM_22_RR.png  used on input line 105.
(pdftex.def)             Requested size: 144.0175pt x 108.01303pt.

Overfull \hbox (30.61827pt too wide) in paragraph at lines 105--106
[][] 
 []

<pics/rr22_acc.png, id=43, 462.528pt x 346.896pt>
File: pics/rr22_acc.png Graphic file (type png)
<use pics/rr22_acc.png>
Package pdftex.def Info: pics/rr22_acc.png  used on input line 112.
(pdftex.def)             Requested size: 144.0175pt x 108.01303pt.

Overfull \hbox (30.61827pt too wide) in paragraph at lines 112--113
[][] 
 []


LaTeX Warning: Command \r invalid in math mode on input line 117.


LaTeX Warning: Command \r invalid in math mode on input line 117.

<pics/DS_22_RR.png, id=44, 462.528pt x 346.896pt>
File: pics/DS_22_RR.png Graphic file (type png)
<use pics/DS_22_RR.png>
Package pdftex.def Info: pics/DS_22_RR.png  used on input line 123.
(pdftex.def)             Requested size: 124.73984pt x 93.552pt.

Overfull \hbox (11.3406pt too wide) in paragraph at lines 123--124
[][] 
 []

<pics/DS_norm_22_RR.png, id=45, 462.528pt x 346.896pt>
File: pics/DS_norm_22_RR.png Graphic file (type png)
<use pics/DS_norm_22_RR.png>
Package pdftex.def Info: pics/DS_norm_22_RR.png  used on input line 130.
(pdftex.def)             Requested size: 124.73984pt x 93.552pt.

Overfull \hbox (11.3406pt too wide) in paragraph at lines 130--131
[][] 
 []

<pics/CM_22_RSR.png, id=46, 462.528pt x 346.896pt>
File: pics/CM_22_RSR.png Graphic file (type png)
<use pics/CM_22_RSR.png>
Package pdftex.def Info: pics/CM_22_RSR.png  used on input line 142.
(pdftex.def)             Requested size: 144.0175pt x 108.01303pt.

Overfull \hbox (30.61827pt too wide) in paragraph at lines 142--143
[][] 
 []

<pics/rsr22_acc.png, id=47, 462.528pt x 346.896pt>
File: pics/rsr22_acc.png Graphic file (type png)
<use pics/rsr22_acc.png>
Package pdftex.def Info: pics/rsr22_acc.png  used on input line 149.
(pdftex.def)             Requested size: 144.0175pt x 108.01303pt.

Overfull \hbox (30.61827pt too wide) in paragraph at lines 149--150
[][] 
 []


LaTeX Warning: Command \r invalid in math mode on input line 154.


LaTeX Warning: Command \r invalid in math mode on input line 154.

File: pics/DS_22_RR.png Graphic file (type png)
<use pics/DS_22_RR.png>
Package pdftex.def Info: pics/DS_22_RR.png  used on input line 160.
(pdftex.def)             Requested size: 124.73984pt x 93.552pt.

Overfull \hbox (11.3406pt too wide) in paragraph at lines 160--161
[][] 
 []

File: pics/DS_norm_22_RR.png Graphic file (type png)
<use pics/DS_norm_22_RR.png>
Package pdftex.def Info: pics/DS_norm_22_RR.png  used on input line 167.
(pdftex.def)             Requested size: 124.73984pt x 93.552pt.

Overfull \hbox (11.3406pt too wide) in paragraph at lines 167--168
[][] 
 []

<pics/rel_PRO_22_SRS.png, id=48, 462.528pt x 346.896pt>
File: pics/rel_PRO_22_SRS.png Graphic file (type png)
<use pics/rel_PRO_22_SRS.png>
Package pdftex.def Info: pics/rel_PRO_22_SRS.png  used on input line 179.
(pdftex.def)             Requested size: 144.0175pt x 108.01303pt.

Overfull \hbox (30.61827pt too wide) in paragraph at lines 179--180
[][] 
 []

<pics/rel_LEU_22_SRS.png, id=49, 462.528pt x 346.896pt>
File: pics/rel_LEU_22_SRS.png Graphic file (type png)
<use pics/rel_LEU_22_SRS.png>
Package pdftex.def Info: pics/rel_LEU_22_SRS.png  used on input line 182.
(pdftex.def)             Requested size: 144.0175pt x 108.01303pt.

Overfull \hbox (30.61827pt too wide) in paragraph at lines 182--183
[][] 
 []

<pics/rel_VAL_22_SRS.png, id=50, 462.528pt x 346.896pt>
File: pics/rel_VAL_22_SRS.png Graphic file (type png)
<use pics/rel_VAL_22_SRS.png>
Package pdftex.def Info: pics/rel_VAL_22_SRS.png  used on input line 188.
(pdftex.def)             Requested size: 144.0175pt x 108.01303pt.

Overfull \hbox (30.61827pt too wide) in paragraph at lines 188--189
[][] 
 []

<pics/rel_GLY_22_SRS.png, id=51, 462.528pt x 346.896pt>
File: pics/rel_GLY_22_SRS.png Graphic file (type png)
<use pics/rel_GLY_22_SRS.png>
Package pdftex.def Info: pics/rel_GLY_22_SRS.png  used on input line 191.
(pdftex.def)             Requested size: 144.0175pt x 108.01303pt.

Overfull \hbox (30.61827pt too wide) in paragraph at lines 191--192
[][] 
 []


LaTeX Warning: Command \r invalid in math mode on input line 194.


LaTeX Warning: Command \r invalid in math mode on input line 194.


Underfull \hbox (badness 4859) in paragraph at lines 194--194
[]\OT1/ptm/m/n/10 Fig. 8: |Es-ti-mated Re-li-a-bil-ity Curves for PRO, LEU,
 []


LaTeX Warning: Command \r invalid in math mode on input line 199.


LaTeX Warning: Command \r invalid in math mode on input line 199.


LaTeX Warning: Command \r invalid in math mode on input line 204.


LaTeX Warning: Command \r invalid in math mode on input line 204.


LaTeX Warning: Command \r invalid in math mode on input line 204.


LaTeX Warning: Command \r invalid in math mode on input line 205.


LaTeX Warning: Command \r invalid in math mode on input line 206.


LaTeX Warning: Command \r invalid in math mode on input line 206.

[4 <./pics/CM_22_SS.png> <./pics/ss22_acc.png> <./pics/DS_22_SS.png> <./pics/DS
_norm_22_SS.png>]

LaTeX Warning: Command \r invalid in math mode on input line 208.


LaTeX Warning: Command \r invalid in math mode on input line 208.


LaTeX Warning: Command \r invalid in math mode on input line 208.


LaTeX Warning: Command \r invalid in math mode on input line 208.


LaTeX Warning: Command \r invalid in math mode on input line 209.


LaTeX Warning: Command \r invalid in math mode on input line 209.


Underfull \hbox (badness 10000) in paragraph at lines 214--214
[]|\OT1/ptm/m/n/8 Resolution
 []


LaTeX Warning: Command \r invalid in math mode on input line 216.


LaTeX Warning: Command \r invalid in math mode on input line 216.


LaTeX Warning: Command \r invalid in math mode on input line 218.


LaTeX Warning: Command \r invalid in math mode on input line 218.


Underfull \hbox (badness 10000) in paragraph at lines 218--219
[]|\OT1/ptm/m/n/8 EMD-6224 ,$\OT1/cmr/m/n/8 2\OML/cmm/m/it/8 :\OT1/cmr/m/n/8 9[
]\OML/cmm/m/it/8 A$
 []


LaTeX Warning: Command \r invalid in math mode on input line 220.


LaTeX Warning: Command \r invalid in math mode on input line 220.

<pics/s3_293_acc.png, id=59, 462.528pt x 346.896pt>
File: pics/s3_293_acc.png Graphic file (type png)
<use pics/s3_293_acc.png>
Package pdftex.def Info: pics/s3_293_acc.png  used on input line 229.
(pdftex.def)             Requested size: 124.73984pt x 93.552pt.

Overfull \hbox (11.3406pt too wide) in paragraph at lines 229--230
[][] 
 []

<pics/r3_293_acc.png, id=60, 462.528pt x 346.896pt>
File: pics/r3_293_acc.png Graphic file (type png)
<use pics/r3_293_acc.png>
Package pdftex.def Info: pics/r3_293_acc.png  used on input line 236.
(pdftex.def)             Requested size: 124.73984pt x 93.552pt.

Overfull \hbox (11.3406pt too wide) in paragraph at lines 236--237
[][] 
 []


LaTeX Warning: Command \r invalid in math mode on input line 237.


LaTeX Warning: Command \r invalid in math mode on input line 237.


Underfull \hbox (badness 1917) in paragraph at lines 237--237
[]\OT1/ptm/m/n/9 (b) |Real Data (Mixed with
 []


Underfull \hbox (badness 10000) in paragraph at lines 237--237
\OT1/ptm/m/n/9 Sim-u-la-tion for Res-o-lu-tion
 []

<pics/CM_29_RR.png, id=61, 462.528pt x 346.896pt>
File: pics/CM_29_RR.png Graphic file (type png)
<use pics/CM_29_RR.png>
Package pdftex.def Info: pics/CM_29_RR.png  used on input line 248.
(pdftex.def)             Requested size: 136.07872pt x 102.05818pt.

Overfull \hbox (22.67949pt too wide) in paragraph at lines 248--249
[][] 
 []

<pics/CM_31_RR.png, id=62, 462.528pt x 346.896pt>
File: pics/CM_31_RR.png Graphic file (type png)
<use pics/CM_31_RR.png>
Package pdftex.def Info: pics/CM_31_RR.png  used on input line 255.
(pdftex.def)             Requested size: 136.07872pt x 102.05818pt.

Overfull \hbox (22.67949pt too wide) in paragraph at lines 255--256
[][] 
 []

<pics/rel_PRO_29_RR.png, id=63, 462.528pt x 346.896pt>
File: pics/rel_PRO_29_RR.png Graphic file (type png)
<use pics/rel_PRO_29_RR.png>
Package pdftex.def Info: pics/rel_PRO_29_RR.png  used on input line 266.
(pdftex.def)             Requested size: 144.0175pt x 108.01303pt.

Overfull \hbox (30.61827pt too wide) in paragraph at lines 266--267
[][] 
 []

<pics/rel_LEU_29_RR.png, id=64, 462.528pt x 346.896pt>
File: pics/rel_LEU_29_RR.png Graphic file (type png)
<use pics/rel_LEU_29_RR.png>
Package pdftex.def Info: pics/rel_LEU_29_RR.png  used on input line 269.
(pdftex.def)             Requested size: 144.0175pt x 108.01303pt.

Overfull \hbox (30.61827pt too wide) in paragraph at lines 269--270
[][] 
 []

<pics/rel_VAL_29_RR.png, id=65, 462.528pt x 346.896pt>
File: pics/rel_VAL_29_RR.png Graphic file (type png)
<use pics/rel_VAL_29_RR.png>
Package pdftex.def Info: pics/rel_VAL_29_RR.png  used on input line 275.
(pdftex.def)             Requested size: 144.0175pt x 108.01303pt.

Overfull \hbox (30.61827pt too wide) in paragraph at lines 275--276
[][] 
 []

<pics/rel_GLY_29_RR.png, id=66, 462.528pt x 346.896pt>
File: pics/rel_GLY_29_RR.png Graphic file (type png)
<use pics/rel_GLY_29_RR.png>
Package pdftex.def Info: pics/rel_GLY_29_RR.png  used on input line 278.
(pdftex.def)             Requested size: 144.0175pt x 108.01303pt.

Overfull \hbox (30.61827pt too wide) in paragraph at lines 278--279
[][] 
 []


LaTeX Warning: Command \r invalid in math mode on input line 281.


LaTeX Warning: Command \r invalid in math mode on input line 281.

<pics/rel_PRO_31_RR.png, id=67, 462.528pt x 346.896pt>
File: pics/rel_PRO_31_RR.png Graphic file (type png)
<use pics/rel_PRO_31_RR.png>
Package pdftex.def Info: pics/rel_PRO_31_RR.png  used on input line 287.
(pdftex.def)             Requested size: 144.0175pt x 108.01303pt.

Overfull \hbox (30.61827pt too wide) in paragraph at lines 287--288
[][] 
 []

<pics/rel_LEU_31_RR.png, id=68, 462.528pt x 346.896pt>
File: pics/rel_LEU_31_RR.png Graphic file (type png)
<use pics/rel_LEU_31_RR.png>
Package pdftex.def Info: pics/rel_LEU_31_RR.png  used on input line 290.
(pdftex.def)             Requested size: 144.0175pt x 108.01303pt.

Overfull \hbox (30.61827pt too wide) in paragraph at lines 290--291
[][] 
 []

<pics/rel_VAL_31_RR.png, id=69, 462.528pt x 346.896pt>
File: pics/rel_VAL_31_RR.png Graphic file (type png)
<use pics/rel_VAL_31_RR.png>
Package pdftex.def Info: pics/rel_VAL_31_RR.png  used on input line 296.
(pdftex.def)             Requested size: 144.0175pt x 108.01303pt.

Overfull \hbox (30.61827pt too wide) in paragraph at lines 296--297
[][] 
 []

<pics/rel_GLY_31_RR.png, id=70, 462.528pt x 346.896pt>
File: pics/rel_GLY_31_RR.png Graphic file (type png)
<use pics/rel_GLY_31_RR.png>
Package pdftex.def Info: pics/rel_GLY_31_RR.png  used on input line 299.
(pdftex.def)             Requested size: 144.0175pt x 108.01303pt.

Overfull \hbox (30.61827pt too wide) in paragraph at lines 299--300
[][] 
 []


LaTeX Warning: Command \r invalid in math mode on input line 302.


LaTeX Warning: Command \r invalid in math mode on input line 302.


Underfull \vbox (badness 10000) has occurred while \output is active []

 [5 <./pics/CM_22_RR.png> <./pics/rr22_acc.png> <./pics/DS_22_RR.png> <./pics/D
S_norm_22_RR.png> <./pics/CM_22_RSR.png> <./pics/rsr22_acc.png> <./pics/rel_PRO
_22_SRS.png> <./pics/rel_LEU_22_SRS.png> <./pics/rel_VAL_22_SRS.png> <./pics/re
l_GLY_22_SRS.png>]

LaTeX Warning: Command \r invalid in math mode on input line 314.


LaTeX Warning: Command \r invalid in math mode on input line 320.


LaTeX Warning: Command \r invalid in math mode on input line 325.


LaTeX Warning: Command \r invalid in math mode on input line 328.

[6 <./pics/s3_293_acc.png> <./pics/r3_293_acc.png> <./pics/CM_29_RR.png> <./pic
s/CM_31_RR.png> <./pics/rel_PRO_29_RR.png> <./pics/rel_LEU_29_RR.png> <./pics/r
el_VAL_29_RR.png> <./pics/rel_GLY_29_RR.png> <./pics/rel_PRO_31_RR.png> <./pics
/rel_LEU_31_RR.png> <./pics/rel_VAL_31_RR.png> <./pics/rel_GLY_31_RR.png>]

LaTeX Warning: Command \r invalid in math mode on input line 330.


LaTeX Warning: Command \r invalid in math mode on input line 331.


LaTeX Warning: Command \r invalid in math mode on input line 331.


Underfull \hbox (badness 10000) in paragraph at lines 337--337
[]|\OT1/ptm/m/n/9 Amino
 []


Underfull \hbox (badness 10000) in paragraph at lines 337--337
\OT1/ptm/m/n/9 Acid
 []


Underfull \hbox (badness 2644) in paragraph at lines 337--337
[]|\OT1/ptm/m/n/9 Picks with
 []


Underfull \hbox (badness 10000) in paragraph at lines 337--337
\OT1/ptm/m/n/9 Con-fi-dence
 []


Underfull \hbox (badness 10000) in paragraph at lines 337--337
[]|\OT1/ptm/m/n/9 Total in
 []


Overfull \hbox (3.62454pt too wide) in paragraph at lines 340--341
[]|$\OML/cmm/m/it/9 maj\OT1/cmr/m/n/9 (\OML/cmm/m/it/9 N[]; N[]; N[]\OT1/cmr/m/
n/9 )$| 
 []


Overfull \hbox (9.20758pt too wide) in paragraph at lines 342--343
[]|$\OML/cmm/m/it/9 mean\OT1/cmr/m/n/9 (\OML/cmm/m/it/9 N[]; N[]; N[]\OT1/cmr/m
/n/9 )$| 
 []


Overfull \hbox (9.20758pt too wide) in paragraph at lines 346--347
[]|$\OML/cmm/m/it/9 mean\OT1/cmr/m/n/9 (\OML/cmm/m/it/9 N[]; N[]; N[]\OT1/cmr/m
/n/9 )$| 
 []


LaTeX Warning: Command \r invalid in math mode on input line 349.


LaTeX Warning: Command \r invalid in math mode on input line 349.


Underfull \hbox (badness 10000) in paragraph at lines 356--356
[]|\OT1/ptm/m/n/8 Amino
 []


Underfull \hbox (badness 10000) in paragraph at lines 356--356
\OT1/ptm/m/n/8 Acid
 []


Underfull \hbox (badness 10000) in paragraph at lines 356--356
[]|\OT1/ptm/m/n/8 Picks with
 []


Underfull \hbox (badness 10000) in paragraph at lines 356--356
\OT1/ptm/m/n/8 Con-fi-dence
 []


LaTeX Warning: Command \r invalid in math mode on input line 374.


LaTeX Warning: Command \r invalid in math mode on input line 374.


Underfull \hbox (badness 10000) in paragraph at lines 380--380
[]|\OT1/ptm/m/n/8 Amino
 []


Underfull \hbox (badness 10000) in paragraph at lines 380--380
\OT1/ptm/m/n/8 Acid
 []


Underfull \hbox (badness 10000) in paragraph at lines 380--380
[]|\OT1/ptm/m/n/8 Picks with
 []


Underfull \hbox (badness 10000) in paragraph at lines 380--380
\OT1/ptm/m/n/8 Con-fi-dence
 []


LaTeX Warning: Command \r invalid in math mode on input line 397.


LaTeX Warning: Command \r invalid in math mode on input line 397.


LaTeX Warning: Command \r invalid in math mode on input line 401.


LaTeX Warning: Command \r invalid in math mode on input line 401.

<pics/map_PRO.png, id=99, 717.43031pt x 712.16063pt>
File: pics/map_PRO.png Graphic file (type png)
<use pics/map_PRO.png>
Package pdftex.def Info: pics/map_PRO.png  used on input line 403.
(pdftex.def)             Requested size: 258.0pt x 256.10596pt.

Overfull \hbox (6.0pt too wide) in paragraph at lines 403--404
 [][] 
 []


LaTeX Warning: Command \r invalid in math mode on input line 407.


LaTeX Warning: Command \r invalid in math mode on input line 407.

<pics/lys_pore_GLY_LEU_LYS_TYR.png, id=100, 846.16125pt x 642.14906pt>
File: pics/lys_pore_GLY_LEU_LYS_TYR.png Graphic file (type png)
<use pics/lys_pore_GLY_LEU_LYS_TYR.png>
Package pdftex.def Info: pics/lys_pore_GLY_LEU_LYS_TYR.png  used on input line 
409.
(pdftex.def)             Requested size: 258.0pt x 195.79149pt.

Overfull \hbox (6.0pt too wide) in paragraph at lines 409--410
 [][] 
 []

) (./srvr.tex

LaTeX Warning: Command \r invalid in math mode on input line 7.


LaTeX Warning: Command \r invalid in math mode on input line 7.

<pics/t2.png, id=101, 1445.4pt x 698.61pt>
File: pics/t2.png Graphic file (type png)
<use pics/t2.png>
Package pdftex.def Info: pics/t2.png  used on input line 9.
(pdftex.def)             Requested size: 258.0pt x 124.69969pt.

Overfull \hbox (6.0pt too wide) in paragraph at lines 9--10
 [][] 
 []

) (./cncl.tex

LaTeX Warning: Command \r invalid in math mode on input line 3.

[7 <./pics/map_PRO.png> <./pics/lys_pore_GLY_LEU_LYS_TYR.png>]

LaTeX Warning: Command \r invalid in math mode on input line 8.


LaTeX Warning: Command \r invalid in math mode on input line 8.

) (./references.tex
(/Users/markroza/Documents/GitHub/papers_latex/AAnchor_BioInformatics_git/.texp
adtmp/main.bbl))

** Conference Paper **
Before submitting the final camera ready copy, remember to:

 1. Manually equalize the lengths of two columns on the last page
 of your paper;

 2. Ensure that any PostScript and/or PDF output post-processing
 uses only Type 1 fonts and that every step in the generation
 process uses the appropriate paper size.

[8 <./pics/t2.png>]
(/Users/markroza/Documents/GitHub/papers_latex/AAnchor_BioInformatics_git/.texp
adtmp/main.aux)

LaTeX Warning: There were multiply-defined labels.

 ) 
Here is how much of TeX's memory you used:
 17862 strings out of 492649
 370191 string characters out of 6129622
 447912 words of memory out of 5000000
 21330 multiletter control sequences out of 15000+600000
 44528 words of font info for 97 fonts, out of 8000000 for 9000
 1141 hyphenation exceptions out of 8191
 55i,13n,67p,1708b,752s stack positions out of 5000i,500n,10000p,200000b,80000s
{/usr/local/texlive/2018/texmf-dist/fonts/enc/dvips/base/8r.enc}</usr/local/t
exlive/2018/texmf-dist/fonts/type1/public/amsfonts/cm/cmbx10.pfb></usr/local/te
xlive/2018/texmf-dist/fonts/type1/public/amsfonts/cm/cmex10.pfb></usr/local/tex
live/2018/texmf-dist/fonts/type1/public/amsfonts/cmextra/cmex7.pfb></usr/local/
texlive/2018/texmf-dist/fonts/type1/public/amsfonts/cm/cmmi10.pfb></usr/local/t
exlive/2018/texmf-dist/fonts/type1/public/amsfonts/cm/cmmi5.pfb></usr/local/tex
live/2018/texmf-dist/fonts/type1/public/amsfonts/cm/cmmi6.pfb></usr/local/texli
ve/2018/texmf-dist/fonts/type1/public/amsfonts/cm/cmmi7.pfb></usr/local/texlive
/2018/texmf-dist/fonts/type1/public/amsfonts/cm/cmmi8.pfb></usr/local/texlive/2
018/texmf-dist/fonts/type1/public/amsfonts/cm/cmmi9.pfb></usr/local/texlive/201
8/texmf-dist/fonts/type1/public/amsfonts/cm/cmr10.pfb></usr/local/texlive/2018/
texmf-dist/fonts/type1/public/amsfonts/cm/cmr5.pfb></usr/local/texlive/2018/tex
mf-dist/fonts/type1/public/amsfonts/cm/cmr7.pfb></usr/local/texlive/2018/texmf-
dist/fonts/type1/public/amsfonts/cm/cmr8.pfb></usr/local/texlive/2018/texmf-dis
t/fonts/type1/public/amsfonts/cm/cmr9.pfb></usr/local/texlive/2018/texmf-dist/f
onts/type1/public/amsfonts/cm/cmsy10.pfb></usr/local/texlive/2018/texmf-dist/fo
nts/type1/public/amsfonts/cm/cmsy7.pfb></usr/local/texlive/2018/texmf-dist/font
s/type1/public/amsfonts/cm/cmsy8.pfb></usr/local/texlive/2018/texmf-dist/fonts/
type1/public/amsfonts/symbols/msbm10.pfb></usr/local/texlive/2018/texmf-dist/fo
nts/type1/urw/times/utmb8a.pfb></usr/local/texlive/2018/texmf-dist/fonts/type1/
urw/times/utmbi8a.pfb></usr/local/texlive/2018/texmf-dist/fonts/type1/urw/times
/utmr8a.pfb></usr/local/texlive/2018/texmf-dist/fonts/type1/urw/times/utmri8a.p
fb>
Output written on /Users/markroza/Documents/GitHub/papers_latex/AAnchor_BioInfo
rmatics_git/.texpadtmp/main.pdf (8 pages, 3730283 bytes).
PDF statistics:
 182 PDF objects out of 1000 (max. 8388607)
 91 compressed objects within 1 object stream
 0 named destinations out of 1000 (max. 500000)
 158 words of extra memory for PDF output out of 10000 (max. 10000000)

