This is pdfTeX, Version 3.14159265-2.6-1.40.19 (TeX Live 2018) (preloaded format=pdflatex 2019.4.29)  17 JUN 2019 13:40
entering extended mode
 restricted \write18 enabled.
 file:line:error style messages enabled.
 %&-line parsing enabled.
**main.tex
(./main.tex
LaTeX2e <2018-04-01> patch level 2
Babel <3.18> and hyphenation patterns for 84 language(s) loaded.
(./cabios-template/bioinfo.cls

LaTeX Warning: You have requested document class `cabios-template/bioinfo',
               but the document class provides `bioinfo'.

Document Class: bioinfo 2003/02/08 0.1
(/usr/local/texlive/2018/texmf-dist/tex/latex/base/inputenc.sty
Package: inputenc 2018/04/06 v1.3b Input encoding file
\inpenc@prehook=\toks14
\inpenc@posthook=\toks15
)
(/usr/local/texlive/2018/texmf-dist/tex/latex/crop/crop.sty
Package: crop 2003/05/20 v1.9 crop marks (mf)
\stockwidth=\dimen102
\stockheight=\dimen103
\CROP@index=\count80

(/usr/local/texlive/2018/texmf-dist/tex/latex/graphics/color.sty
Package: color 2016/07/10 v1.1e Standard LaTeX Color (DPC)

(/usr/local/texlive/2018/texmf-dist/tex/latex/graphics-cfg/color.cfg
File: color.cfg 2016/01/02 v1.6 sample color configuration
)
Package color Info: Driver file: pdftex.def on input line 147.

(/usr/local/texlive/2018/texmf-dist/tex/latex/graphics-def/pdftex.def
File: pdftex.def 2018/01/08 v1.0l Graphics/color driver for pdftex
))
(/usr/local/texlive/2018/texmf-dist/tex/latex/graphics/graphics.sty
Package: graphics 2017/06/25 v1.2c Standard LaTeX Graphics (DPC,SPQR)

(/usr/local/texlive/2018/texmf-dist/tex/latex/graphics/trig.sty
Package: trig 2016/01/03 v1.10 sin cos tan (DPC)
)
(/usr/local/texlive/2018/texmf-dist/tex/latex/graphics-cfg/graphics.cfg
File: graphics.cfg 2016/06/04 v1.11 sample graphics configuration
)
Package graphics Info: Driver file: pdftex.def on input line 99.
)
\CROP@offset=\count81
Package crop Info: Local config file crop.cfg used on input line 605.

(/usr/local/texlive/2018/texmf-dist/tex/xelatex/xetexconfig/crop.cfg))
(/usr/local/texlive/2018/texmf-dist/tex/latex/graphics/graphicx.sty
Package: graphicx 2017/06/01 v1.1a Enhanced LaTeX Graphics (DPC,SPQR)

(/usr/local/texlive/2018/texmf-dist/tex/latex/graphics/keyval.sty
Package: keyval 2014/10/28 v1.15 key=value parser (DPC)
\KV@toks@=\toks16
)
\Gin@req@height=\dimen104
\Gin@req@width=\dimen105
)
(/usr/local/texlive/2018/texmf-dist/tex/latex/amsmath/amsmath.sty
Package: amsmath 2017/09/02 v2.17a AMS math features
\@mathmargin=\skip41

For additional information on amsmath, use the `?' option.
(/usr/local/texlive/2018/texmf-dist/tex/latex/amsmath/amstext.sty
Package: amstext 2000/06/29 v2.01 AMS text

(/usr/local/texlive/2018/texmf-dist/tex/latex/amsmath/amsgen.sty
File: amsgen.sty 1999/11/30 v2.0 generic functions
\@emptytoks=\toks17
\ex@=\dimen106
))
(/usr/local/texlive/2018/texmf-dist/tex/latex/amsmath/amsbsy.sty
Package: amsbsy 1999/11/29 v1.2d Bold Symbols
\pmbraise@=\dimen107
)
(/usr/local/texlive/2018/texmf-dist/tex/latex/amsmath/amsopn.sty
Package: amsopn 2016/03/08 v2.02 operator names
)
\inf@bad=\count82
LaTeX Info: Redefining \frac on input line 213.
\uproot@=\count83
\leftroot@=\count84
LaTeX Info: Redefining \overline on input line 375.
\classnum@=\count85
\DOTSCASE@=\count86
LaTeX Info: Redefining \ldots on input line 472.
LaTeX Info: Redefining \dots on input line 475.
LaTeX Info: Redefining \cdots on input line 596.
\Mathstrutbox@=\box26
\strutbox@=\box27
\big@size=\dimen108
LaTeX Font Info:    Redeclaring font encoding OML on input line 712.
LaTeX Font Info:    Redeclaring font encoding OMS on input line 713.
\macc@depth=\count87
\c@MaxMatrixCols=\count88
\dotsspace@=\muskip10
\c@parentequation=\count89
\dspbrk@lvl=\count90
\tag@help=\toks18
\row@=\count91
\column@=\count92
\maxfields@=\count93
\andhelp@=\toks19
\eqnshift@=\dimen109
\alignsep@=\dimen110
\tagshift@=\dimen111
\tagwidth@=\dimen112
\totwidth@=\dimen113
\lineht@=\dimen114
\@envbody=\toks20
\multlinegap=\skip42
\multlinetaggap=\skip43
\mathdisplay@stack=\toks21
LaTeX Info: Redefining \[ on input line 2817.
LaTeX Info: Redefining \] on input line 2818.
)
(/usr/local/texlive/2018/texmf-dist/tex/latex/tools/array.sty
Package: array 2018/04/07 v2.4g Tabular extension package (FMi)
\col@sep=\dimen115
\ar@mcellbox=\box28
\extrarowheight=\dimen116
\NC@list=\toks22
\extratabsurround=\skip44
\backup@length=\skip45
\ar@cellbox=\box29
)
(/usr/local/texlive/2018/texmf-dist/tex/latex/amsfonts/amssymb.sty
Package: amssymb 2013/01/14 v3.01 AMS font symbols

(/usr/local/texlive/2018/texmf-dist/tex/latex/amsfonts/amsfonts.sty
Package: amsfonts 2013/01/14 v3.01 Basic AMSFonts support
\symAMSa=\mathgroup4
\symAMSb=\mathgroup5
LaTeX Font Info:    Overwriting math alphabet `\mathfrak' in version `bold'
(Font)                  U/euf/m/n --> U/euf/b/n on input line 106.
))
(/usr/local/texlive/2018/texmf-dist/tex/latex/sttools/flushend.sty
Package: flushend 2017/03/27 v3.3 Balancing columns in twocolumn mode
\flushend@@lastskip@a=\skip46
\flushend@@lastskip@b=\skip47
\flushend@@lastskip@c=\skip48
\flushend@@penalty@a=\count94
\flushend@@lastkern@a=\dimen117
\var@@temp@spread=\dimen118
\var@@temp@a=\dimen119
\flushend@@page@rule=\dimen120
\flushend@@varbox@a=\box30
\flushend@@varbox@c=\box31
\flushend@@tempbox@a=\box32
\flushend@@tempbox@c=\box33
\@viper=\box34
\hold@viper=\box35
\atColsBreak=\toks23
\atColsEnd=\toks24

(/usr/local/texlive/2018/texmf-dist/tex/latex/etoolbox/etoolbox.sty
Package: etoolbox 2018/02/11 v2.5e e-TeX tools for LaTeX (JAW)
\etb@tempcnta=\count95
))
(/usr/local/texlive/2018/texmf-dist/tex/latex/sttools/stfloats.sty
Package: stfloats 2017/03/27 v3.3 Improve float mechanism and baselineskip sett
ings
\@dblbotnum=\count96
\c@dblbotnumber=\count97
)
(/usr/local/texlive/2018/texmf-dist/tex/latex/amscls/amsthm.sty
Package: amsthm 2017/10/31 v2.20.4
\thm@style=\toks25
\thm@bodyfont=\toks26
\thm@headfont=\toks27
\thm@notefont=\toks28
\thm@headpunct=\toks29
\thm@preskip=\skip49
\thm@postskip=\skip50
\thm@headsep=\skip51
\dth@everypar=\toks30
)
(/usr/local/texlive/2018/texmf-dist/tex/latex/changepage/chngpage.sty
Package: chngpage 2009/10/20 v1.2b change page layout
\c@cp@cnt=\count98
\c@cp@tempcnt=\count99
)
(/usr/local/texlive/2018/texmf-dist/tex/latex/psnfss/times.sty
Package: times 2005/04/12 PSNFSS-v9.2a (SPQR) 
)
(/usr/local/texlive/2018/texmf-dist/tex/latex/base/fontenc.sty
Package: fontenc 2017/04/05 v2.0i Standard LaTeX package

(/usr/local/texlive/2018/texmf-dist/tex/latex/ly1/ly1enc.def
File: ly1enc.def 2009/07/22 v0.7 TeX 'n ANSI encoding (DPC/KB)
Now handling font encoding LY1 ...
... processing UTF-8 mapping file for font encoding LY1

(/usr/local/texlive/2018/texmf-dist/tex/latex/base/ly1enc.dfu
File: ly1enc.dfu 2018/04/05 v1.2c UTF-8 support for inputenc
   defining Unicode char U+00A0 (decimal 160)
   defining Unicode char U+00A1 (decimal 161)
   defining Unicode char U+00A2 (decimal 162)
   defining Unicode char U+00A3 (decimal 163)
   defining Unicode char U+00A4 (decimal 164)
   defining Unicode char U+00A5 (decimal 165)
   defining Unicode char U+00A6 (decimal 166)
   defining Unicode char U+00A7 (decimal 167)
   defining Unicode char U+00AA (decimal 170)
   defining Unicode char U+00AB (decimal 171)
   defining Unicode char U+00AD (decimal 173)
   defining Unicode char U+00AE (decimal 174)
   defining Unicode char U+00B0 (decimal 176)
   defining Unicode char U+00B5 (decimal 181)
   defining Unicode char U+00B6 (decimal 182)
   defining Unicode char U+00B7 (decimal 183)
   defining Unicode char U+00BA (decimal 186)
   defining Unicode char U+00BB (decimal 187)
   defining Unicode char U+00BC (decimal 188)
   defining Unicode char U+00BD (decimal 189)
   defining Unicode char U+00BE (decimal 190)
   defining Unicode char U+00BF (decimal 191)
   defining Unicode char U+00C0 (decimal 192)
   defining Unicode char U+00C1 (decimal 193)
   defining Unicode char U+00C2 (decimal 194)
   defining Unicode char U+00C3 (decimal 195)
   defining Unicode char U+00C4 (decimal 196)
   defining Unicode char U+00C5 (decimal 197)
   defining Unicode char U+00C6 (decimal 198)
   defining Unicode char U+00C7 (decimal 199)
   defining Unicode char U+00C8 (decimal 200)
   defining Unicode char U+00C9 (decimal 201)
   defining Unicode char U+00CA (decimal 202)
   defining Unicode char U+00CB (decimal 203)
   defining Unicode char U+00CC (decimal 204)
   defining Unicode char U+00CD (decimal 205)
   defining Unicode char U+00CE (decimal 206)
   defining Unicode char U+00CF (decimal 207)
   defining Unicode char U+00D0 (decimal 208)
   defining Unicode char U+00D1 (decimal 209)
   defining Unicode char U+00D2 (decimal 210)
   defining Unicode char U+00D3 (decimal 211)
   defining Unicode char U+00D4 (decimal 212)
   defining Unicode char U+00D5 (decimal 213)
   defining Unicode char U+00D6 (decimal 214)
   defining Unicode char U+00D8 (decimal 216)
   defining Unicode char U+00D9 (decimal 217)
   defining Unicode char U+00DA (decimal 218)
   defining Unicode char U+00DB (decimal 219)
   defining Unicode char U+00DC (decimal 220)
   defining Unicode char U+00DD (decimal 221)
   defining Unicode char U+00DE (decimal 222)
   defining Unicode char U+00DF (decimal 223)
   defining Unicode char U+00E0 (decimal 224)
   defining Unicode char U+00E1 (decimal 225)
   defining Unicode char U+00E2 (decimal 226)
   defining Unicode char U+00E3 (decimal 227)
   defining Unicode char U+00E4 (decimal 228)
   defining Unicode char U+00E5 (decimal 229)
   defining Unicode char U+00E6 (decimal 230)
   defining Unicode char U+00E7 (decimal 231)
   defining Unicode char U+00E8 (decimal 232)
   defining Unicode char U+00E9 (decimal 233)
   defining Unicode char U+00EA (decimal 234)
   defining Unicode char U+00EB (decimal 235)
   defining Unicode char U+00EC (decimal 236)
   defining Unicode char U+00ED (decimal 237)
   defining Unicode char U+00EE (decimal 238)
   defining Unicode char U+00EF (decimal 239)
   defining Unicode char U+00F0 (decimal 240)
   defining Unicode char U+00F1 (decimal 241)
   defining Unicode char U+00F2 (decimal 242)
   defining Unicode char U+00F3 (decimal 243)
   defining Unicode char U+00F4 (decimal 244)
   defining Unicode char U+00F5 (decimal 245)
   defining Unicode char U+00F6 (decimal 246)
   defining Unicode char U+00F8 (decimal 248)
   defining Unicode char U+00F9 (decimal 249)
   defining Unicode char U+00FA (decimal 250)
   defining Unicode char U+00FB (decimal 251)
   defining Unicode char U+00FC (decimal 252)
   defining Unicode char U+00FD (decimal 253)
   defining Unicode char U+00FE (decimal 254)
   defining Unicode char U+00FF (decimal 255)
   defining Unicode char U+0131 (decimal 305)
   defining Unicode char U+0141 (decimal 321)
   defining Unicode char U+0142 (decimal 322)
   defining Unicode char U+0152 (decimal 338)
   defining Unicode char U+0153 (decimal 339)
   defining Unicode char U+0160 (decimal 352)
   defining Unicode char U+0161 (decimal 353)
   defining Unicode char U+0174 (decimal 372)
   defining Unicode char U+0175 (decimal 373)
   defining Unicode char U+0176 (decimal 374)
   defining Unicode char U+0177 (decimal 375)
   defining Unicode char U+0178 (decimal 376)
   defining Unicode char U+017D (decimal 381)
   defining Unicode char U+017E (decimal 382)
   defining Unicode char U+0192 (decimal 402)
   defining Unicode char U+0218 (decimal 536)
   defining Unicode char U+0219 (decimal 537)
   defining Unicode char U+021A (decimal 538)
   defining Unicode char U+021B (decimal 539)
   defining Unicode char U+02C6 (decimal 710)
   defining Unicode char U+02DC (decimal 732)
   defining Unicode char U+2013 (decimal 8211)
   defining Unicode char U+2014 (decimal 8212)
   defining Unicode char U+201C (decimal 8220)
   defining Unicode char U+201D (decimal 8221)
   defining Unicode char U+2020 (decimal 8224)
   defining Unicode char U+2021 (decimal 8225)
   defining Unicode char U+2022 (decimal 8226)
   defining Unicode char U+2026 (decimal 8230)
   defining Unicode char U+2030 (decimal 8240)
   defining Unicode char U+2039 (decimal 8249)
   defining Unicode char U+203A (decimal 8250)
   defining Unicode char U+2122 (decimal 8482)
))
LaTeX Font Info:    Try loading font information for LY1+ptm on input line 105.


(/usr/local/texlive/2018/texmf-dist/tex/latex/ly1/ly1ptm.fd
File: ly1ptm.fd 2001/02/01 font definitions for LY1/ptm using Berry names.
))
\c@section=\count100
\c@subsection=\count101
\c@subsubsection=\count102
\c@paragraph=\count103
\c@subparagraph=\count104
\c@figure=\count105
\c@table=\count106
\dropfromtop=\skip52
\extraspace=\skip53
\aboveskipchk=\skip54
\abovecaptionskip=\skip55
\belowcaptionskip=\skip56
\rotdimen=\dimen121
\tempdime=\dimen122
\temptbox=\box36

(/usr/local/texlive/2018/texmf-dist/tex/latex/natbib/natbib.sty
Package: natbib 2010/09/13 8.31b (PWD, AO)
\bibhang=\skip57
\bibsep=\skip58
LaTeX Info: Redefining \cite on input line 694.
\c@NAT@ctr=\count107
))
(/Users/markroza/Documents/GitHub/papers_latex/BioInformaticWorkWithMendeley/.t
expadtmp/main.aux)
\openout1 = `main.aux'.

LaTeX Font Info:    Checking defaults for OML/cmm/m/it on input line 7.
LaTeX Font Info:    ... okay on input line 7.
LaTeX Font Info:    Checking defaults for T1/cmr/m/n on input line 7.
LaTeX Font Info:    ... okay on input line 7.
LaTeX Font Info:    Checking defaults for OT1/cmr/m/n on input line 7.
LaTeX Font Info:    ... okay on input line 7.
LaTeX Font Info:    Checking defaults for OMS/cmsy/m/n on input line 7.
LaTeX Font Info:    ... okay on input line 7.
LaTeX Font Info:    Checking defaults for OMX/cmex/m/n on input line 7.
LaTeX Font Info:    ... okay on input line 7.
LaTeX Font Info:    Checking defaults for U/cmr/m/n on input line 7.
LaTeX Font Info:    ... okay on input line 7.
LaTeX Font Info:    Checking defaults for LY1/ptm/m/n on input line 7.
LaTeX Font Info:    ... okay on input line 7.

(/usr/local/texlive/2018/texmf-dist/tex/context/base/mkii/supp-pdf.mkii
[Loading MPS to PDF converter (version 2006.09.02).]
\scratchcounter=\count108
\scratchdimen=\dimen123
\scratchbox=\box37
\nofMPsegments=\count109
\nofMParguments=\count110
\everyMPshowfont=\toks31
\MPscratchCnt=\count111
\MPscratchDim=\dimen124
\MPnumerator=\count112
\makeMPintoPDFobject=\count113
\everyMPtoPDFconversion=\toks32
) (/usr/local/texlive/2018/texmf-dist/tex/latex/oberdiek/epstopdf-base.sty
Package: epstopdf-base 2016/05/15 v2.6 Base part for package epstopdf

(/usr/local/texlive/2018/texmf-dist/tex/generic/oberdiek/infwarerr.sty
Package: infwarerr 2016/05/16 v1.4 Providing info/warning/error messages (HO)
)
(/usr/local/texlive/2018/texmf-dist/tex/latex/oberdiek/grfext.sty
Package: grfext 2016/05/16 v1.2 Manage graphics extensions (HO)

(/usr/local/texlive/2018/texmf-dist/tex/generic/oberdiek/kvdefinekeys.sty
Package: kvdefinekeys 2016/05/16 v1.4 Define keys (HO)

(/usr/local/texlive/2018/texmf-dist/tex/generic/oberdiek/ltxcmds.sty
Package: ltxcmds 2016/05/16 v1.23 LaTeX kernel commands for general use (HO)
)))
(/usr/local/texlive/2018/texmf-dist/tex/latex/oberdiek/kvoptions.sty
Package: kvoptions 2016/05/16 v3.12 Key value format for package options (HO)

(/usr/local/texlive/2018/texmf-dist/tex/generic/oberdiek/kvsetkeys.sty
Package: kvsetkeys 2016/05/16 v1.17 Key value parser (HO)

(/usr/local/texlive/2018/texmf-dist/tex/generic/oberdiek/etexcmds.sty
Package: etexcmds 2016/05/16 v1.6 Avoid name clashes with e-TeX commands (HO)

(/usr/local/texlive/2018/texmf-dist/tex/generic/oberdiek/ifluatex.sty
Package: ifluatex 2016/05/16 v1.4 Provides the ifluatex switch (HO)
Package ifluatex Info: LuaTeX not detected.
)
Package etexcmds Info: Could not find \expanded.
(etexcmds)             That can mean that you are not using pdfTeX 1.50 or
(etexcmds)             that some package has redefined \expanded.
(etexcmds)             In the latter case, load this package earlier.
)))
(/usr/local/texlive/2018/texmf-dist/tex/generic/oberdiek/pdftexcmds.sty
Package: pdftexcmds 2018/01/30 v0.27 Utility functions of pdfTeX for LuaTeX (HO
)

(/usr/local/texlive/2018/texmf-dist/tex/generic/oberdiek/ifpdf.sty
Package: ifpdf 2017/03/15 v3.2 Provides the ifpdf switch
)
Package pdftexcmds Info: LuaTeX not detected.
Package pdftexcmds Info: \pdf@primitive is available.
Package pdftexcmds Info: \pdf@ifprimitive is available.
Package pdftexcmds Info: \pdfdraftmode found.
)
Package epstopdf-base Info: Redefining graphics rule for `.eps' on input line 4
38.
Package grfext Info: Graphics extension search list:
(grfext)             [.pdf,.png,.jpg,.mps,.jpeg,.jbig2,.jb2,.PDF,.PNG,.JPG,.JPE
G,.JBIG2,.JB2,.eps]
(grfext)             \AppendGraphicsExtensions on input line 456.

(/usr/local/texlive/2018/texmf-dist/tex/latex/latexconfig/epstopdf-sys.cfg
File: epstopdf-sys.cfg 2010/07/13 v1.3 Configuration of (r)epstopdf for TeX Liv
e
))
Package crop Info: requested driver: `' on input line 7.
Package crop Info: detected driver: `pdftex' on input line 7.
Package crop Info: using `pdftex' graphics driver on input line 7.
LaTeX Font Info:    Try loading font information for LY1+phv on input line 37.

(/usr/local/texlive/2018/texmf-dist/tex/latex/ly1/ly1phv.fd
File: ly1phv.fd 2001/02/01 scalable font definitions for LY1/phv using Berry na
mes.
)

LaTeX Warning: File `OUP_First_SBk_Bot_8401.eps' not found on input line 37.

Package epstopdf Info: Source file: <OUP_First_SBk_Bot_8401.eps>
(epstopdf)             Output file: <OUP_First_SBk_Bot_8401-eps-converted-to.pd
f>
(epstopdf)                    date: 2015-11-25 10:49:46
(epstopdf)                    size: 9259 bytes
(epstopdf)             Command: <repstopdf --outfile=OUP_First_SBk_Bot_8401-eps
-converted-to.pdf OUP_First_SBk_Bot_8401.eps>
(epstopdf)             \includegraphics on input line 37.
Package epstopdf Info: Output file is already uptodate.
<OUP_First_SBk_Bot_8401-eps-converted-to.pdf, id=1, 54.2025pt x 54.2025pt>
File: OUP_First_SBk_Bot_8401-eps-converted-to.pdf Graphic file (type pdf)
<use OUP_First_SBk_Bot_8401-eps-converted-to.pdf>
Package pdftex.def Info: OUP_First_SBk_Bot_8401-eps-converted-to.pdf  used on i
nput line 37.
(pdftex.def)             Requested size: 54.20236pt x 54.20236pt.
LaTeX Font Info:    Font shape `LY1/phv/bx/n' in size <8> not available
(Font)              Font shape `LY1/phv/b/n' tried instead on input line 37.
LaTeX Font Info:    Font shape `LY1/phv/bx/n' in size <18> not available
(Font)              Font shape `LY1/phv/b/n' tried instead on input line 37.
LaTeX Font Info:    Font shape `LY1/phv/bx/n' in size <12> not available
(Font)              Font shape `LY1/phv/b/n' tried instead on input line 37.
LaTeX Font Info:    Try loading font information for U+msa on input line 37.
(/usr/local/texlive/2018/texmf-dist/tex/latex/amsfonts/umsa.fd
File: umsa.fd 2013/01/14 v3.01 AMS symbols A
)
LaTeX Font Info:    Try loading font information for U+msb on input line 37.

(/usr/local/texlive/2018/texmf-dist/tex/latex/amsfonts/umsb.fd
File: umsb.fd 2013/01/14 v3.01 AMS symbols B
)
LaTeX Font Info:    Font shape `LY1/phv/bx/n' in size <9> not available
(Font)              Font shape `LY1/phv/b/n' tried instead on input line 37.
LaTeX Font Info:    Font shape `LY1/phv/bx/n' in size <7> not available
(Font)              Font shape `LY1/phv/b/n' tried instead on input line 37.


LaTeX Font Warning: Font shape `OT1/cmr/m/n' in size <6.5> not available
(Font)              size <6> substituted on input line 37.


LaTeX Font Warning: Font shape `OML/cmm/m/it' in size <6.5> not available
(Font)              size <6> substituted on input line 37.


LaTeX Font Warning: Font shape `OMS/cmsy/m/n' in size <6.5> not available
(Font)              size <6> substituted on input line 37.

LaTeX Font Info:    Calculating math sizes for size <8.5> on input line 37.

LaTeX Font Warning: Font shape `OT1/cmr/m/n' in size <8.5> not available
(Font)              size <8> substituted on input line 37.


LaTeX Font Warning: Font shape `OT1/cmr/m/n' in size <4.25> not available
(Font)              size <5> substituted on input line 37.


LaTeX Font Warning: Font shape `OML/cmm/m/it' in size <8.5> not available
(Font)              size <8> substituted on input line 37.


LaTeX Font Warning: Font shape `OML/cmm/m/it' in size <4.25> not available
(Font)              size <5> substituted on input line 37.


LaTeX Font Warning: Font shape `OMS/cmsy/m/n' in size <8.5> not available
(Font)              size <8> substituted on input line 37.


LaTeX Font Warning: Font shape `OMS/cmsy/m/n' in size <4.25> not available
(Font)              size <5> substituted on input line 37.

LaTeX Font Info:    Font shape `LY1/phv/bx/n' in size <10> not available
(Font)              Font shape `LY1/phv/b/n' tried instead on input line 37.
LaTeX Font Info:    Font shape `LY1/phv/m/it' in size <9> not available
(Font)              Font shape `LY1/phv/m/sl' tried instead on input line 37.

Underfull \hbox (badness 10000) detected at line 37
[]
 []

LaTeX Font Info:    Font shape `LY1/ptm/bx/n' in size <8> not available
(Font)              Font shape `LY1/ptm/b/n' tried instead on input line 44.

Package natbib Warning: Citation `Bag01' on page 1 undefined on input line 44.


LaTeX Warning: Reference `fig:02' on page 1 undefined on input line 56.


Package natbib Warning: Citation `Boffelli03' on page 1 undefined on input line
 58.


LaTeX Warning: Reference `fig:02' on page 1 undefined on input line 67.


Package natbib Warning: Citation `Boffelli03' on page 1 undefined on input line
 69.


LaTeX Warning: Reference `fig:02' on page 1 undefined on input line 72.


Package natbib Warning: Citation `Boffelli03' on page 1 undefined on input line
 74.


LaTeX Warning: Reference `fig:02' on page 1 undefined on input line 77.


Package natbib Warning: Citation `Boffelli03' on page 1 undefined on input line
 79.


LaTeX Warning: Reference `fig:02' on page 1 undefined on input line 90.


Package natbib Warning: Citation `Boffelli03' on page 1 undefined on input line
 92.


LaTeX Warning: Reference `fig:02' on page 1 undefined on input line 95.


Package natbib Warning: Citation `Boffelli03' on page 1 undefined on input line
 97.


LaTeX Warning: Reference `fig:02' on page 1 undefined on input line 100.


Package natbib Warning: Citation `Boffelli03' on page 1 undefined on input line
 102.


LaTeX Warning: Reference `fig:02' on page 1 undefined on input line 105.


Package natbib Warning: Citation `Boffelli03' on page 1 undefined on input line
 107.


LaTeX Warning: Reference `fig:02' on page 1 undefined on input line 113.


Package natbib Warning: Citation `Boffelli03' on page 1 undefined on input line
 115.


LaTeX Warning: Reference `fig:02' on page 1 undefined on input line 118.


Package natbib Warning: Citation `Boffelli03' on page 1 undefined on input line
 120.


LaTeX Warning: Reference `fig:02' on page 1 undefined on input line 123.


Package natbib Warning: Citation `Boffelli03' on page 1 undefined on input line
 125.


LaTeX Warning: Reference `fig:02' on page 1 undefined on input line 128.


Package natbib Warning: Citation `Boffelli03' on page 1 undefined on input line
 130.


Overfull \hbox (1.12001pt too wide) has occurred while \output is active
 []
 []

[1{/usr/local/texlive/2018/texmf-var/fonts/map/pdftex/updmap/pdftex.map}



 <./OUP_First_SBk_Bot_8401-eps-converted-to.pdf>]

LaTeX Warning: Reference `fig:02' on page 2 undefined on input line 137.


Package natbib Warning: Citation `Boffelli03' on page 2 undefined on input line
 139.


LaTeX Warning: Reference `fig:02' on page 2 undefined on input line 142.


Package natbib Warning: Citation `Boffelli03' on page 2 undefined on input line
 144.


LaTeX Warning: Reference `fig:02' on page 2 undefined on input line 147.


Package natbib Warning: Citation `Boffelli03' on page 2 undefined on input line
 149.


LaTeX Warning: Reference `fig:02' on page 2 undefined on input line 155.


Package natbib Warning: Citation `Boffelli03' on page 2 undefined on input line
 157.


LaTeX Warning: Reference `fig:02' on page 2 undefined on input line 160.


Package natbib Warning: Citation `Boffelli03' on page 2 undefined on input line
 162.


LaTeX Warning: Reference `fig:02' on page 2 undefined on input line 170.


Package natbib Warning: Citation `Boffelli03' on page 2 undefined on input line
 172.


LaTeX Warning: Reference `fig:02' on page 2 undefined on input line 175.


Package natbib Warning: Citation `Boffelli03' on page 2 undefined on input line
 177.


LaTeX Warning: Reference `fig:02' on page 2 undefined on input line 180.


Package natbib Warning: Citation `Boffelli03' on page 2 undefined on input line
 182.


LaTeX Warning: Reference `fig:02' on page 2 undefined on input line 185.


Package natbib Warning: Citation `Boffelli03' on page 2 undefined on input line
 187.


LaTeX Warning: Reference `fig:02' on page 2 undefined on input line 190.


Package natbib Warning: Citation `Boffelli03' on page 2 undefined on input line
 192.


LaTeX Warning: Reference `fig:02' on page 2 undefined on input line 195.


Package natbib Warning: Citation `Boffelli03' on page 2 undefined on input line
 197.


LaTeX Warning: Reference `fig:02' on page 2 undefined on input line 200.


Package natbib Warning: Citation `Boffelli03' on page 2 undefined on input line
 202.


Underfull \vbox (badness 10000) has occurred while \output is active []



LaTeX Warning: Reference `fig:02' on page 2 undefined on input line 211.


Package natbib Warning: Citation `Boffelli03' on page 2 undefined on input line
 213.


LaTeX Warning: Reference `fig:02' on page 2 undefined on input line 216.


Package natbib Warning: Citation `Boffelli03' on page 2 undefined on input line
 218.


LaTeX Warning: Reference `fig:02' on page 2 undefined on input line 221.


Package natbib Warning: Citation `Boffelli03' on page 2 undefined on input line
 223.


LaTeX Warning: Reference `fig:02' on page 2 undefined on input line 229.


Package natbib Warning: Citation `Boffelli03' on page 2 undefined on input line
 231.


LaTeX Warning: Reference `fig:02' on page 2 undefined on input line 234.


Package natbib Warning: Citation `Boffelli03' on page 2 undefined on input line
 236.


LaTeX Warning: Reference `fig:02' on page 2 undefined on input line 239.


Package natbib Warning: Citation `Boffelli03' on page 2 undefined on input line
 241.


LaTeX Warning: Reference `fig:02' on page 2 undefined on input line 247.


Package natbib Warning: Citation `Boffelli03' on page 2 undefined on input line
 249.


LaTeX Warning: Reference `fig:02' on page 2 undefined on input line 252.


Package natbib Warning: Citation `Boffelli03' on page 2 undefined on input line
 254.


LaTeX Warning: Reference `fig:02' on page 2 undefined on input line 257.


Package natbib Warning: Citation `Boffelli03' on page 2 undefined on input line
 259.


LaTeX Warning: Reference `fig:02' on page 2 undefined on input line 262.


Package natbib Warning: Citation `Boffelli03' on page 2 undefined on input line
 264.


LaTeX Warning: Reference `fig:02' on page 2 undefined on input line 267.


Package natbib Warning: Citation `Boffelli03' on page 2 undefined on input line
 269.


LaTeX Warning: Reference `fig:02' on page 2 undefined on input line 272.


Package natbib Warning: Citation `Boffelli03' on page 2 undefined on input line
 274.


LaTeX Warning: Reference `fig:02' on page 2 undefined on input line 277.


Package natbib Warning: Citation `Boffelli03' on page 2 undefined on input line
 279.


LaTeX Warning: Reference `fig:02' on page 2 undefined on input line 288.


Package natbib Warning: Citation `Boffelli03' on page 2 undefined on input line
 290.


LaTeX Warning: Reference `fig:02' on page 2 undefined on input line 293.


Package natbib Warning: Citation `Boffelli03' on page 2 undefined on input line
 295.


LaTeX Warning: Reference `fig:02' on page 2 undefined on input line 298.


Package natbib Warning: Citation `Boffelli03' on page 2 undefined on input line
 300.


Underfull \vbox (badness 10000) has occurred while \output is active []

LaTeX Font Info:    Font shape `LY1/phv/m/it' in size <8> not available
(Font)              Font shape `LY1/phv/m/sl' tried instead on input line 304.

Overfull \hbox (252.0pt too wide) has occurred while \output is active
[][] 
 []

[2]

LaTeX Warning: Reference `fig:02' on page 3 undefined on input line 306.


Package natbib Warning: Citation `Boffelli03' on page 3 undefined on input line
 308.


LaTeX Warning: Reference `fig:02' on page 3 undefined on input line 311.


Package natbib Warning: Citation `Boffelli03' on page 3 undefined on input line
 313.


LaTeX Warning: Reference `fig:02' on page 3 undefined on input line 316.


Package natbib Warning: Citation `Boffelli03' on page 3 undefined on input line
 318.


LaTeX Warning: Reference `fig:02' on page 3 undefined on input line 323.


Package natbib Warning: Citation `Boffelli03' on page 3 undefined on input line
 325.


LaTeX Warning: Reference `fig:02' on page 3 undefined on input line 328.


Package natbib Warning: Citation `Boffelli03' on page 3 undefined on input line
 330.


LaTeX Warning: Reference `fig:02' on page 3 undefined on input line 333.


Package natbib Warning: Citation `Boffelli03' on page 3 undefined on input line
 335.


LaTeX Warning: Reference `fig:02' on page 3 undefined on input line 339.


Package natbib Warning: Citation `Boffelli03' on page 3 undefined on input line
 341.


LaTeX Warning: Reference `fig:02' on page 3 undefined on input line 344.


Package natbib Warning: Citation `Boffelli03' on page 3 undefined on input line
 346.


LaTeX Warning: Reference `fig:02' on page 3 undefined on input line 349.


Package natbib Warning: Citation `Boffelli03' on page 3 undefined on input line
 351.


LaTeX Warning: Reference `fig:02' on page 3 undefined on input line 354.


Package natbib Warning: Citation `Boffelli03' on page 3 undefined on input line
 356.


LaTeX Warning: Reference `fig:02' on page 3 undefined on input line 363.


Package natbib Warning: Citation `Boffelli03' on page 3 undefined on input line
 365.


LaTeX Warning: Reference `fig:02' on page 3 undefined on input line 368.


Package natbib Warning: Citation `Boffelli03' on page 3 undefined on input line
 370.


LaTeX Warning: Reference `fig:02' on page 3 undefined on input line 373.


Package natbib Warning: Citation `Boffelli03' on page 3 undefined on input line
 375.

LaTeX Font Info:    Calculating math sizes for size <7.5> on input line 384.

LaTeX Font Warning: Font shape `OT1/cmr/m/n' in size <7.5> not available
(Font)              size <7> substituted on input line 384.


LaTeX Font Warning: Font shape `OT1/cmr/m/n' in size <3.75> not available
(Font)              size <5> substituted on input line 384.


LaTeX Font Warning: Font shape `OML/cmm/m/it' in size <7.5> not available
(Font)              size <7> substituted on input line 384.


LaTeX Font Warning: Font shape `OML/cmm/m/it' in size <3.75> not available
(Font)              size <5> substituted on input line 384.


LaTeX Font Warning: Font shape `OMS/cmsy/m/n' in size <7.5> not available
(Font)              size <7> substituted on input line 384.


LaTeX Font Warning: Font shape `OMS/cmsy/m/n' in size <3.75> not available
(Font)              size <5> substituted on input line 384.

LaTeX Font Info:    Try loading font information for LY1+phb on input line 384.

LaTeX Font Info:    No file LY1phb.fd. on input line 384.

LaTeX Font Warning: Font shape `LY1/phb/m/n' undefined
(Font)              using `LY1/ptm/m/n' instead on input line 384.


LaTeX Font Warning: Font shape `LY1/phb/bx/n' undefined
(Font)              using `LY1/phb/m/n' instead on input line 384.


Overfull \hbox (12.0pt too wide) in paragraph at lines 384--384
[]$[]$ 
 []


Overfull \hbox (1.0pt too wide) in paragraph at lines 392--394
[][][][][][][] 
 []

LaTeX Font Info:    Font shape `LY1/phv/bx/n' in size <6.5> not available
(Font)              Font shape `LY1/phv/b/n' tried instead on input line 394.

LaTeX Warning: Reference `fig:02' on page 3 undefined on input line 404.


Package natbib Warning: Citation `Boffelli03' on page 3 undefined on input line
 406.


LaTeX Warning: Reference `fig:02' on page 3 undefined on input line 409.


Package natbib Warning: Citation `Boffelli03' on page 3 undefined on input line
 411.


LaTeX Warning: Reference `fig:02' on page 3 undefined on input line 414.


Package natbib Warning: Citation `Boffelli03' on page 3 undefined on input line
 416.


LaTeX Warning: Reference `fig:02' on page 3 undefined on input line 423.


Package natbib Warning: Citation `Boffelli03' on page 3 undefined on input line
 425.


LaTeX Warning: Reference `fig:02' on page 3 undefined on input line 428.


Package natbib Warning: Citation `Boffelli03' on page 3 undefined on input line
 430.


LaTeX Warning: Reference `fig:02' on page 3 undefined on input line 433.


Package natbib Warning: Citation `Boffelli03' on page 3 undefined on input line
 435.


LaTeX Warning: Reference `fig:02' on page 3 undefined on input line 445.


Package natbib Warning: Citation `Boffelli03' on page 3 undefined on input line
 447.


LaTeX Warning: Reference `fig:02' on page 3 undefined on input line 450.


Package natbib Warning: Citation `Boffelli03' on page 3 undefined on input line
 452.


LaTeX Warning: Reference `fig:02' on page 3 undefined on input line 459.


LaTeX Warning: Reference `fig:02' on page 3 undefined on input line 461.


LaTeX Warning: Reference `fig:02' on page 3 undefined on input line 463.


LaTeX Warning: Reference `fig:02' on page 3 undefined on input line 490.


Package natbib Warning: Citation `Boffelli03' on page 3 undefined on input line
 492.


LaTeX Warning: Reference `fig:02' on page 3 undefined on input line 495.


Package natbib Warning: Citation `Boffelli03' on page 3 undefined on input line
 497.


LaTeX Warning: Reference `fig:02' on page 3 undefined on input line 500.


Overfull \hbox (252.0pt too wide) has occurred while \output is active
[][] 
 []

[3]

LaTeX Warning: Reference `fig:02' on page 4 undefined on input line 507.


Package natbib Warning: Citation `Boffelli03' on page 4 undefined on input line
 509.


LaTeX Warning: Reference `fig:02' on page 4 undefined on input line 519.


Package natbib Warning: Citation `Boffelli03' on page 4 undefined on input line
 521.


LaTeX Warning: Reference `fig:02' on page 4 undefined on input line 524.


Package natbib Warning: Citation `Boffelli03' on page 4 undefined on input line
 526.


Underfull \vbox (badness 10000) has occurred while \output is active []



LaTeX Warning: Reference `fig:02' on page 4 undefined on input line 533.


Package natbib Warning: Citation `Boffelli03' on page 4 undefined on input line
 539.


(/Users/markroza/Documents/GitHub/papers_latex/BioInformaticWorkWithMendeley/.t
expadtmp/main.bbl)
- LAST -
Extra skip:0.496pt
Left:245.624pt/0.0pt
Right:244.0pt/1.12799pt
Output:246.312pt

Overfull \hbox (252.0pt too wide) has occurred while \output is active
[][] 
 []

[4]

Package natbib Warning: There were undefined citations.


(/Users/markroza/Documents/GitHub/papers_latex/BioInformaticWorkWithMendeley/.t
expadtmp/main.aux)

LaTeX Font Warning: Size substitutions with differences
(Font)              up to 1.25pt have occurred.


LaTeX Font Warning: Some font shapes were not available, defaults substituted.


LaTeX Warning: There were undefined references.

 ) 
Here is how much of TeX's memory you used:
 4171 strings out of 492649
 54512 string characters out of 6129622
 140287 words of memory out of 5000000
 7942 multiletter control sequences out of 15000+600000
 59771 words of font info for 107 fonts, out of 8000000 for 9000
 1145 hyphenation exceptions out of 8191
 41i,11n,29p,853b,352s stack positions out of 5000i,500n,10000p,200000b,80000s
{/usr/local/texlive/2018/texmf-dist/fonts/enc/dvips/ly1/texnansi.enc}</usr/lo
cal/texlive/2018/texmf-dist/fonts/type1/public/amsfonts/cmextra/cmbsy9.pfb></us
r/local/texlive/2018/texmf-dist/fonts/type1/public/amsfonts/cmextra/cmex8.pfb><
/usr/local/texlive/2018/texmf-dist/fonts/type1/public/amsfonts/cm/cmr8.pfb></us
r/local/texlive/2018/texmf-dist/fonts/type1/public/amsfonts/cm/cmsy6.pfb></usr/
local/texlive/2018/texmf-dist/fonts/type1/public/amsfonts/cm/cmsy7.pfb></usr/lo
cal/texlive/2018/texmf-dist/fonts/type1/public/amsfonts/latxfont/lcircle1.pfb><
/usr/local/texlive/2018/texmf-dist/fonts/type1/urw/helvetic/uhvb8a.pfb></usr/lo
cal/texlive/2018/texmf-dist/fonts/type1/urw/helvetic/uhvr8a.pfb></usr/local/tex
live/2018/texmf-dist/fonts/type1/urw/helvetic/uhvr8ac.pfb></usr/local/texlive/2
018/texmf-dist/fonts/type1/urw/helvetic/uhvro8a.pfb></usr/local/texlive/2018/te
xmf-dist/fonts/type1/urw/helvetic/uhvro8ac.pfb></usr/local/texlive/2018/texmf-d
ist/fonts/type1/urw/times/utmb8a.pfb></usr/local/texlive/2018/texmf-dist/fonts/
type1/urw/times/utmr8a.pfb></usr/local/texlive/2018/texmf-dist/fonts/type1/urw/
times/utmri8a.pfb>
Output written on /Users/markroza/Documents/GitHub/papers_latex/BioInformaticWo
rkWithMendeley/.texpadtmp/main.pdf (4 pages, 125667 bytes).
PDF statistics:
 79 PDF objects out of 1000 (max. 8388607)
 56 compressed objects within 1 object stream
 0 named destinations out of 1000 (max. 500000)
 6 words of extra memory for PDF output out of 10000 (max. 10000000)

